   1              	 .cpu cortex-m0
   2              	 .fpu softvfp
   3              	 .eabi_attribute 20,1
   4              	 .eabi_attribute 21,1
   5              	 .eabi_attribute 23,3
   6              	 .eabi_attribute 24,1
   7              	 .eabi_attribute 25,1
   8              	 .eabi_attribute 26,1
   9              	 .eabi_attribute 30,6
  10              	 .eabi_attribute 34,0
  11              	 .eabi_attribute 18,4
  12              	 .code 16
  13              	 .file "xmc1_eru.c"
  14              	 .text
  15              	.Ltext0:
  16              	 .cfi_sections .debug_frame
  17              	 .section .text.XMC_ERU_Enable,"ax",%progbits
  18              	 .align 2
  19              	 .global XMC_ERU_Enable
  20              	 .code 16
  21              	 .thumb_func
  23              	XMC_ERU_Enable:
  24              	.LFB45:
  25              	 .file 1 "../Libraries/XMCLib/src/xmc1_eru.c"
   1:../Libraries/XMCLib/src/xmc1_eru.c **** /**
   2:../Libraries/XMCLib/src/xmc1_eru.c ****  * @file xmc1_eru.c
   3:../Libraries/XMCLib/src/xmc1_eru.c ****  * @date 2015-02-20
   4:../Libraries/XMCLib/src/xmc1_eru.c ****  *
   5:../Libraries/XMCLib/src/xmc1_eru.c ****  * @cond
   6:../Libraries/XMCLib/src/xmc1_eru.c ****  **************************************************************************************************
   7:../Libraries/XMCLib/src/xmc1_eru.c ****  * XMClib v2.1.18 - XMC Peripheral Driver Library 
   8:../Libraries/XMCLib/src/xmc1_eru.c ****  *
   9:../Libraries/XMCLib/src/xmc1_eru.c ****  * Copyright (c) 2015-2018, Infineon Technologies AG
  10:../Libraries/XMCLib/src/xmc1_eru.c ****  * All rights reserved.                        
  11:../Libraries/XMCLib/src/xmc1_eru.c ****  *                                             
  12:../Libraries/XMCLib/src/xmc1_eru.c ****  * Redistribution and use in source and binary forms, with or without modification,are permitted pr
  13:../Libraries/XMCLib/src/xmc1_eru.c ****  * following conditions are met:   
  14:../Libraries/XMCLib/src/xmc1_eru.c ****  *                                                                              
  15:../Libraries/XMCLib/src/xmc1_eru.c ****  * Redistributions of source code must retain the above copyright notice, this list of conditions a
  16:../Libraries/XMCLib/src/xmc1_eru.c ****  * disclaimer.                        
  17:../Libraries/XMCLib/src/xmc1_eru.c ****  * 
  18:../Libraries/XMCLib/src/xmc1_eru.c ****  * Redistributions in binary form must reproduce the above copyright notice, this list of condition
  19:../Libraries/XMCLib/src/xmc1_eru.c ****  * disclaimer in the documentation and/or other materials provided with the distribution.          
  20:../Libraries/XMCLib/src/xmc1_eru.c ****  * 
  21:../Libraries/XMCLib/src/xmc1_eru.c ****  * Neither the name of the copyright holders nor the names of its contributors may be used to endor
  22:../Libraries/XMCLib/src/xmc1_eru.c ****  * products derived from this software without specific prior written permission.                  
  23:../Libraries/XMCLib/src/xmc1_eru.c ****  *                                                                              
  24:../Libraries/XMCLib/src/xmc1_eru.c ****  * THIS SOFTWARE IS PROVIDED BY THE COPYRIGHT HOLDERS AND CONTRIBUTORS "AS IS" AND ANY EXPRESS OR I
  25:../Libraries/XMCLib/src/xmc1_eru.c ****  * INCLUDING, BUT NOT LIMITED TO, THE IMPLIED WARRANTIES OF MERCHANTABILITY AND FITNESS FOR A PARTI
  26:../Libraries/XMCLib/src/xmc1_eru.c ****  * DISCLAIMED. IN NO EVENT SHALL THE COPYRIGHT HOLDER OR CONTRIBUTORS BE LIABLE  FOR ANY DIRECT, IN
  27:../Libraries/XMCLib/src/xmc1_eru.c ****  * SPECIAL, EXEMPLARY, OR CONSEQUENTIAL DAMAGES (INCLUDING, BUT NOT LIMITED TO, PROCUREMENT OF SUBS
  28:../Libraries/XMCLib/src/xmc1_eru.c ****  * SERVICES; LOSS OF USE, DATA, OR PROFITS; OR BUSINESS INTERRUPTION) HOWEVER CAUSED AND ON ANY THE
  29:../Libraries/XMCLib/src/xmc1_eru.c ****  * WHETHER IN CONTRACT, STRICT LIABILITY,OR TORT (INCLUDING NEGLIGENCE OR OTHERWISE) ARISING IN ANY
  30:../Libraries/XMCLib/src/xmc1_eru.c ****  * OF THIS SOFTWARE, EVEN IF ADVISED OF THE POSSIBILITY OF SUCH DAMAGE.                            
  31:../Libraries/XMCLib/src/xmc1_eru.c ****  *                                                                              
  32:../Libraries/XMCLib/src/xmc1_eru.c ****  * To improve the quality of the software, users are encouraged to share modifications, enhancement
  33:../Libraries/XMCLib/src/xmc1_eru.c ****  * Infineon Technologies AG dave@infineon.com).                                                    
  34:../Libraries/XMCLib/src/xmc1_eru.c ****  **************************************************************************************************
  35:../Libraries/XMCLib/src/xmc1_eru.c ****  *
  36:../Libraries/XMCLib/src/xmc1_eru.c ****  * Change History
  37:../Libraries/XMCLib/src/xmc1_eru.c ****  * --------------
  38:../Libraries/XMCLib/src/xmc1_eru.c ****  *
  39:../Libraries/XMCLib/src/xmc1_eru.c ****  * 2015-02-20:
  40:../Libraries/XMCLib/src/xmc1_eru.c ****  *     - Initial <br>
  41:../Libraries/XMCLib/src/xmc1_eru.c ****  *
  42:../Libraries/XMCLib/src/xmc1_eru.c ****  * @endcond
  43:../Libraries/XMCLib/src/xmc1_eru.c ****  */
  44:../Libraries/XMCLib/src/xmc1_eru.c **** 
  45:../Libraries/XMCLib/src/xmc1_eru.c **** #include "xmc_eru.h"
  46:../Libraries/XMCLib/src/xmc1_eru.c **** 
  47:../Libraries/XMCLib/src/xmc1_eru.c **** #if UC_FAMILY == XMC1
  48:../Libraries/XMCLib/src/xmc1_eru.c **** 
  49:../Libraries/XMCLib/src/xmc1_eru.c **** /**************************************************************************************************
  50:../Libraries/XMCLib/src/xmc1_eru.c ****  * API IMPLEMENTATION
  51:../Libraries/XMCLib/src/xmc1_eru.c ****  **************************************************************************************************
  52:../Libraries/XMCLib/src/xmc1_eru.c **** 
  53:../Libraries/XMCLib/src/xmc1_eru.c **** void XMC_ERU_Enable(XMC_ERU_t *const eru)
  54:../Libraries/XMCLib/src/xmc1_eru.c **** {
  26              	 .loc 1 54 0
  27              	 .cfi_startproc
  28 0000 80B5     	 push {r7,lr}
  29              	.LCFI0:
  30              	 .cfi_def_cfa_offset 8
  31              	 .cfi_offset 7,-8
  32              	 .cfi_offset 14,-4
  33 0002 82B0     	 sub sp,sp,#8
  34              	.LCFI1:
  35              	 .cfi_def_cfa_offset 16
  36 0004 00AF     	 add r7,sp,#0
  37              	.LCFI2:
  38              	 .cfi_def_cfa_register 7
  39 0006 7860     	 str r0,[r7,#4]
  55:../Libraries/XMCLib/src/xmc1_eru.c ****   XMC_UNUSED_ARG(eru);
  56:../Libraries/XMCLib/src/xmc1_eru.c **** }
  40              	 .loc 1 56 0
  41 0008 BD46     	 mov sp,r7
  42 000a 02B0     	 add sp,sp,#8
  43              	 
  44 000c 80BD     	 pop {r7,pc}
  45              	 .cfi_endproc
  46              	.LFE45:
  48 000e C046     	 .section .text.XMC_ERU_Disable,"ax",%progbits
  49              	 .align 2
  50              	 .global XMC_ERU_Disable
  51              	 .code 16
  52              	 .thumb_func
  54              	XMC_ERU_Disable:
  55              	.LFB46:
  57:../Libraries/XMCLib/src/xmc1_eru.c **** 
  58:../Libraries/XMCLib/src/xmc1_eru.c **** void XMC_ERU_Disable(XMC_ERU_t *const eru)
  59:../Libraries/XMCLib/src/xmc1_eru.c **** {
  56              	 .loc 1 59 0
  57              	 .cfi_startproc
  58 0000 80B5     	 push {r7,lr}
  59              	.LCFI3:
  60              	 .cfi_def_cfa_offset 8
  61              	 .cfi_offset 7,-8
  62              	 .cfi_offset 14,-4
  63 0002 82B0     	 sub sp,sp,#8
  64              	.LCFI4:
  65              	 .cfi_def_cfa_offset 16
  66 0004 00AF     	 add r7,sp,#0
  67              	.LCFI5:
  68              	 .cfi_def_cfa_register 7
  69 0006 7860     	 str r0,[r7,#4]
  60:../Libraries/XMCLib/src/xmc1_eru.c ****   XMC_UNUSED_ARG(eru);
  61:../Libraries/XMCLib/src/xmc1_eru.c **** }
  70              	 .loc 1 61 0
  71 0008 BD46     	 mov sp,r7
  72 000a 02B0     	 add sp,sp,#8
  73              	 
  74 000c 80BD     	 pop {r7,pc}
  75              	 .cfi_endproc
  76              	.LFE46:
  78 000e C046     	 .text
  79              	.Letext0:
  80              	 .file 2 "c:\\dave\\dave-ide-4.4.2-64bit\\eclipse\\arm-gcc-49\\arm-none-eabi\\include\\machine\\_default_types.h"
  81              	 .file 3 "c:\\dave\\dave-ide-4.4.2-64bit\\eclipse\\arm-gcc-49\\arm-none-eabi\\include\\stdint.h"
  82              	 .file 4 "C:/Workspaces/DAVE-4.4.2-64Bit/Blinky_v2/Libraries/XMCLib/inc/xmc_eru.h"
DEFINED SYMBOLS
                            *ABS*:00000000 xmc1_eru.c
    {standard input}:18     .text.XMC_ERU_Enable:00000000 $t
    {standard input}:23     .text.XMC_ERU_Enable:00000000 XMC_ERU_Enable
    {standard input}:49     .text.XMC_ERU_Disable:00000000 $t
    {standard input}:54     .text.XMC_ERU_Disable:00000000 XMC_ERU_Disable
                     .debug_frame:00000010 $d

NO UNDEFINED SYMBOLS
