Nov 13, 2019 6:53:22 PM java.util.logging.LogManager$RootLogger log
INFO: Start of solver :getSolution() : Wed Nov 13 18:53:22 PST 2019


Nov 13, 2019 6:53:22 PM java.util.logging.LogManager$RootLogger log
INFO: 
timeout(solve_mapping_problem([ 
reserved([p,DIGITAL_IO0sv0,pad,_],'digital_io$01310748862$0'),
reserved([devicepackage,0,_],'digital_io$1882167628$0'),
signal('digital_io$01310748862$0',pad,'digital_io$01310748862$0$pad'),
signal('digital_io$1882167628$0',pin,'digital_io$1882167628$0$pin'),
connected('digital_io$1882167628$0$pin','digital_io$01310748862$0$pad',1),
connected('digital_io$01310748862$0$pad','digital_io$1882167628$0$pin',1),
uri_element_range(DIGITAL_IO0sv0,[0, 1, 2, 3, 4])
 ],Vars,Regs,Appslocalvars),15,writeln(timeout),all_solution, Timer, Due, Remainder).



Nov 13, 2019 6:53:22 PM java.util.logging.LogManager$RootLogger log
INFO: 
End of solver : getSolution() :  Difference in ms 32


Nov 13, 2019 6:53:22 PM java.util.logging.LogManager$RootLogger log
INFO: [/p/1/pad/0, /digital_io$01310748862$0, /devicepackage/0/14, /digital_io$1882167628$0]


Nov 13, 2019 6:53:22 PM java.util.logging.LogManager$RootLogger log
INFO: [/p/1/pad/0/iocr_pcr, /0, /p/1/pad/0/iocr_oe, /0, /p/1/pad/0/hwsel_hw, /0, /p/1/pad/1/iocr_pcr, /0, /p/1/pad/1/iocr_oe, /0, /p/1/pad/1/hwsel_hw, /0, /p/1/pad/2/iocr_pcr, /0, /p/1/pad/2/iocr_oe, /0, /p/1/pad/2/hwsel_hw, /0, /p/1/pad/3/iocr_pcr, /0, /p/1/pad/3/iocr_oe, /0, /p/1/pad/3/hwsel_hw, /0, /p/2/pad/2/iocr_pcr, /0, /p/2/pad/2/iocr_oe, /0, /p/2/pad/2/hwsel_hw, /0, /p/2/pad/2/pdisc_pdis, /1, /p/2/pad/6/iocr_pcr, /0, /p/2/pad/6/iocr_oe, /0, /p/2/pad/6/hwsel_hw, /0, /p/2/pad/6/pdisc_pdis, /1, /p/2/pad/7/iocr_pcr, /0, /p/2/pad/7/iocr_oe, /0, /p/2/pad/7/hwsel_hw, /0, /p/2/pad/7/pdisc_pdis, /1, /p/2/pad/8/iocr_pcr, /0, /p/2/pad/8/iocr_oe, /0, /p/2/pad/8/hwsel_hw, /0, /p/2/pad/8/pdisc_pdis, /1, /p/2/pad/9/iocr_pcr, /0, /p/2/pad/9/iocr_oe, /0, /p/2/pad/9/hwsel_hw, /0, /p/2/pad/9/pdisc_pdis, /1, /p/0/pad/0/iocr_pcr, /0, /p/0/pad/0/iocr_oe, /0, /p/0/pad/0/hwsel_hw, /0, /p/0/pad/12/iocr_pcr, /0, /p/0/pad/12/iocr_oe, /0, /p/0/pad/12/hwsel_hw, /0, /p/0/pad/13/iocr_pcr, /0, /p/0/pad/13/iocr_oe, /0, /p/0/pad/13/hwsel_hw, /0, /p/0/pad/14/iocr_pcr, /0, /p/0/pad/14/iocr_oe, /0, /p/0/pad/14/hwsel_hw, /0, /p/0/pad/15/iocr_pcr, /0, /p/0/pad/15/iocr_oe, /0, /p/0/pad/15/hwsel_hw, /0, /p/0/pad/5/iocr_pcr, /0, /p/0/pad/5/iocr_oe, /0, /p/0/pad/5/hwsel_hw, /0, /p/0/pad/6/iocr_pcr, /0, /p/0/pad/6/iocr_oe, /0, /p/0/pad/6/hwsel_hw, /0, /p/0/pad/7/iocr_pcr, /0, /p/0/pad/7/iocr_oe, /0, /p/0/pad/7/hwsel_hw, /0, /p/0/pad/8/iocr_pcr, /0, /p/0/pad/8/iocr_oe, /0, /p/0/pad/8/hwsel_hw, /0, /p/0/pad/9/iocr_pcr, /0, /p/0/pad/9/iocr_oe, /0, /p/0/pad/9/hwsel_hw, /0, /p/2/pad/0/iocr_pcr, /0, /p/2/pad/0/iocr_oe, /0, /p/2/pad/0/hwsel_hw, /0, /p/2/pad/0/pdisc_pdis, /1, /p/2/pad/1/iocr_pcr, /0, /p/2/pad/1/iocr_oe, /0, /p/2/pad/1/hwsel_hw, /0, /p/2/pad/1/pdisc_pdis, /1, /p/2/pad/10/iocr_pcr, /0, /p/2/pad/10/iocr_oe, /0, /p/2/pad/10/hwsel_hw, /0, /p/2/pad/10/pdisc_pdis, /1, /p/2/pad/11/iocr_pcr, /0, /p/2/pad/11/iocr_oe, /0, /p/2/pad/11/hwsel_hw, /0, /p/2/pad/11/pdisc_pdis, /1, /ccu4/0/cc4/0/srs_cmsr, /0, /ccu4/0/cc4/0/srs_e0sr, /0, /ccu4/0/cc4/0/srs_e1sr, /0, /ccu4/0/cc4/0/srs_e2sr, /0, /ccu4/0/cc4/0/ins_ev0is, /0, /ccu4/0/cc4/0/ins_ev1is, /0, /ccu4/0/cc4/0/ins_ev2is, /0, /ccu4/0/cc4/0/srs_posr, /0, /ccu4/0/cc4/1/srs_cmsr, /0, /ccu4/0/cc4/1/srs_e0sr, /0, /ccu4/0/cc4/1/srs_e1sr, /0, /ccu4/0/cc4/1/srs_e2sr, /0, /ccu4/0/cc4/1/ins_ev0is, /0, /ccu4/0/cc4/1/ins_ev1is, /0, /ccu4/0/cc4/1/ins_ev2is, /0, /ccu4/0/cc4/1/srs_posr, /0, /ccu4/0/cc4/1/cmc_tce, /0, /ccu4/0/cc4/2/srs_cmsr, /0, /ccu4/0/cc4/2/srs_e0sr, /0, /ccu4/0/cc4/2/srs_e1sr, /0, /ccu4/0/cc4/2/srs_e2sr, /0, /ccu4/0/cc4/2/ins_ev0is, /0, /ccu4/0/cc4/2/ins_ev1is, /0, /ccu4/0/cc4/2/ins_ev2is, /0, /ccu4/0/cc4/2/srs_posr, /0, /ccu4/0/cc4/2/cmc_tce, /0, /ccu4/0/cc4/3/srs_cmsr, /0, /ccu4/0/cc4/3/srs_e0sr, /0, /ccu4/0/cc4/3/srs_e1sr, /0, /ccu4/0/cc4/3/srs_e2sr, /0, /ccu4/0/cc4/3/ins_ev0is, /0, /ccu4/0/cc4/3/ins_ev1is, /0, /ccu4/0/cc4/3/ins_ev2is, /0, /ccu4/0/cc4/3/srs_posr, /0, /ccu4/0/cc4/3/cmc_tce, /0, /ccu4/0/global/gctrl_pcis, /0, /cpu/0/nvic/interrupt/0/iser_setena, /0, /cpu/0/nvic/interrupt/1/iser_setena, /0, /cpu/0/nvic/interrupt/10/iser_setena, /0, /cpu/0/nvic/interrupt/11/iser_setena, /0, /cpu/0/nvic/interrupt/12/iser_setena, /0, /cpu/0/nvic/interrupt/13/iser_setena, /0, /cpu/0/nvic/interrupt/14/iser_setena, /0, /cpu/0/nvic/interrupt/15/iser_setena, /0, /cpu/0/nvic/interrupt/16/iser_setena, /0, /cpu/0/nvic/interrupt/17/iser_setena, /0, /cpu/0/nvic/interrupt/18/iser_setena, /0, /cpu/0/nvic/interrupt/19/iser_setena, /0, /cpu/0/nvic/interrupt/2/iser_setena, /0, /cpu/0/nvic/interrupt/20/iser_setena, /0, /cpu/0/nvic/interrupt/21/iser_setena, /0, /cpu/0/nvic/interrupt/22/iser_setena, /0, /cpu/0/nvic/interrupt/23/iser_setena, /0, /cpu/0/nvic/interrupt/24/iser_setena, /0, /cpu/0/nvic/interrupt/25/iser_setena, /0, /cpu/0/nvic/interrupt/26/iser_setena, /0, /cpu/0/nvic/interrupt/27/iser_setena, /0, /cpu/0/nvic/interrupt/28/iser_setena, /0, /cpu/0/nvic/interrupt/29/iser_setena, /0, /cpu/0/nvic/interrupt/3/iser_setena, /0, /cpu/0/nvic/interrupt/30/iser_setena, /0, /cpu/0/nvic/interrupt/31/iser_setena, /0, /cpu/0/nvic/interrupt/4/iser_setena, /0, /cpu/0/nvic/interrupt/5/iser_setena, /0, /cpu/0/nvic/interrupt/6/iser_setena, /0, /cpu/0/nvic/interrupt/7/iser_setena, /0, /cpu/0/nvic/interrupt/9/iser_setena, /0, /eru/0/ers_etl/0/exicon_pe, /0, /eru/0/ers_etl/0/exicon_ocs, /0, /eru/0/ers_etl/0/exisel_exsxb, /0, /eru/0/ers_etl/0/exisel_exsxa, /0, /eru/0/ers_etl/1/exicon_pe, /0, /eru/0/ers_etl/1/exicon_ocs, /0, /eru/0/ers_etl/1/exisel_exsxb, /0, /eru/0/ers_etl/1/exisel_exsxa, /0, /eru/0/ers_etl/2/exicon_pe, /0, /eru/0/ers_etl/2/exicon_ocs, /0, /eru/0/ers_etl/2/exisel_exsxb, /0, /eru/0/ers_etl/2/exisel_exsxa, /0, /eru/0/ers_etl/3/exicon_pe, /0, /eru/0/ers_etl/3/exicon_ocs, /0, /eru/0/ers_etl/3/exisel_exsxb, /0, /eru/0/ers_etl/3/exisel_exsxa, /0, /eru/0/ogu/0/exocon_iss, /0, /eru/0/ogu/0/exocon_ipen0, /0, /eru/0/ogu/0/exocon_ipen1, /0, /eru/0/ogu/0/exocon_ipen2, /0, /eru/0/ogu/0/exocon_ipen3, /0, /eru/0/ogu/1/exocon_iss, /0, /eru/0/ogu/1/exocon_ipen0, /0, /eru/0/ogu/1/exocon_ipen1, /0, /eru/0/ogu/1/exocon_ipen2, /0, /eru/0/ogu/1/exocon_ipen3, /0, /eru/0/ogu/2/exocon_iss, /0, /eru/0/ogu/2/exocon_ipen0, /0, /eru/0/ogu/2/exocon_ipen1, /0, /eru/0/ogu/2/exocon_ipen2, /0, /eru/0/ogu/2/exocon_ipen3, /0, /eru/0/ogu/3/exocon_iss, /0, /eru/0/ogu/3/exocon_ipen0, /0, /eru/0/ogu/3/exocon_ipen1, /0, /eru/0/ogu/3/exocon_ipen2, /0, /eru/0/ogu/3/exocon_ipen3, /0, /scu/0/ccu/config/clkcr_rtcclksel, /0, /usic/0/channel/0/ccr_hpcen, /0, /usic/0/channel/0/dx1cr_dsel, /0, /usic/0/channel/0/dx0cr_dsel, /0, /usic/0/channel/0/dx5cr_dsel, /0, /usic/0/channel/0/dx3cr_dsel, /0, /usic/0/channel/0/dx4cr_dsel, /0, /usic/0/channel/0/dx2cr_dsel, /0, /usic/0/channel/0/rbctr_arbien, /0, /usic/0/channel/0/rbctr_arbinp, /0, /usic/0/channel/0/ccr_aien, /0, /usic/0/channel/0/inpr_ainp, /0, /usic/0/channel/0/ccr_brgien, /0, /usic/0/channel/0/inpr_pinp, /0, /usic/0/channel/0/ccr_dlien, /0, /usic/0/channel/0/rbctr_rberien, /0, /usic/0/channel/0/ccr_rsien, /0, /usic/0/channel/0/inpr_tbinp, /0, /usic/0/channel/0/rbctr_srbien, /0, /usic/0/channel/0/rbctr_srbinp, /0, /usic/0/channel/0/ccr_rien, /0, /usic/0/channel/0/inpr_rinp, /0, /usic/0/channel/0/tbctr_stbien, /0, /usic/0/channel/0/tbctr_stbinp, /0, /usic/0/channel/0/tbctr_tberien, /0, /usic/0/channel/0/tbctr_atbinp, /0, /usic/0/channel/0/ccr_tbien, /0, /usic/0/channel/0/ccr_tsien, /0, /usic/0/channel/0/inpr_tsinp, /0, /usic/0/channel/0/rbctr_dptr, /0, /usic/0/channel/0/rbctr_size, /0, /usic/0/channel/0/tbctr_dptr, /0, /usic/0/channel/0/tbctr_size, /0, /usic/0/channel/1/ccr_hpcen, /0, /usic/0/channel/1/dx1cr_dsel, /0, /usic/0/channel/1/dx0cr_dsel, /0, /usic/0/channel/1/dx5cr_dsel, /0, /usic/0/channel/1/dx3cr_dsel, /0, /usic/0/channel/1/dx4cr_dsel, /0, /usic/0/channel/1/dx2cr_dsel, /0, /usic/0/channel/1/rbctr_arbien, /0, /usic/0/channel/1/rbctr_arbinp, /0, /usic/0/channel/1/ccr_aien, /0, /usic/0/channel/1/inpr_ainp, /0, /usic/0/channel/1/ccr_brgien, /0, /usic/0/channel/1/inpr_pinp, /0, /usic/0/channel/1/ccr_dlien, /0, /usic/0/channel/1/rbctr_rberien, /0, /usic/0/channel/1/ccr_rsien, /0, /usic/0/channel/1/inpr_tbinp, /0, /usic/0/channel/1/rbctr_srbien, /0, /usic/0/channel/1/rbctr_srbinp, /0, /usic/0/channel/1/ccr_rien, /0, /usic/0/channel/1/inpr_rinp, /0, /usic/0/channel/1/tbctr_stbien, /0, /usic/0/channel/1/tbctr_stbinp, /0, /usic/0/channel/1/tbctr_tberien, /0, /usic/0/channel/1/tbctr_atbinp, /0, /usic/0/channel/1/ccr_tbien, /0, /usic/0/channel/1/ccr_tsien, /0, /usic/0/channel/1/inpr_tsinp, /0, /usic/0/channel/1/rbctr_dptr, /0, /usic/0/channel/1/rbctr_size, /0, /usic/0/channel/1/tbctr_dptr, /0, /usic/0/channel/1/tbctr_size, /0, /vadc/0/backgnd/brsctrl_xtsel, /0, /vadc/0/backgnd/brsctrl_xtwc, /0, /vadc/0/backgnd/brsctrl_gtsel, /0, /vadc/0/backgnd/brsctrl_gtwc, /0, /vadc/0/backgnd/globevnp_sev0np, /0, /vadc/0/global/emuxsel_emuxgrp0, /0, /vadc/0/global/emuxsel_emuxgrp1, /0, /vadc/0/global_result/globevnp_revnp, /0]


Nov 13, 2019 6:54:03 PM java.util.logging.LogManager$RootLogger log
INFO: Start of solver :getFeasiblePins() : Wed Nov 13 18:54:03 PST 2019


Nov 13, 2019 6:54:03 PM java.util.logging.LogManager$RootLogger log
INFO: 
timeout(ask_feasible_mapping([reserved([p,DIGITAL_IO0sv0,pad,_],'digital_io$01310748862$0'),
reserved([devicepackage,0,_],'digital_io$1882167628$0'),
signal('digital_io$01310748862$0',pad,'digital_io$01310748862$0$pad'),
signal('digital_io$1882167628$0',pin,'digital_io$1882167628$0$pin'),
connected('digital_io$1882167628$0$pin','digital_io$01310748862$0$pad',1),
connected('digital_io$01310748862$0$pad','digital_io$1882167628$0$pin',1),
uri_element_range(DIGITAL_IO0sv0,[0, 1, 2, 3, 4])],'digital_io$1882167628$0',Result),15,writeln(timeout),all_solution, Timer, Due, Remainder).



Nov 13, 2019 6:54:03 PM java.util.logging.LogManager$RootLogger log
INFO: 
End of solver : getFeasiblePins() :  Difference in ms 15


Nov 13, 2019 6:54:03 PM java.util.logging.LogManager$RootLogger log
INFO: [/devicepackage/0/8, /devicepackage/0/19, /devicepackage/0/13, /devicepackage/0/14, /devicepackage/0/11, /devicepackage/0/12, /devicepackage/0/22, /devicepackage/0/17, /devicepackage/0/18, /devicepackage/0/23, /devicepackage/0/15, /devicepackage/0/24, /devicepackage/0/16, /devicepackage/0/5, /devicepackage/0/4, /devicepackage/0/20, /devicepackage/0/7, /devicepackage/0/21, /devicepackage/0/6, /devicepackage/0/1, /devicepackage/0/3, /devicepackage/0/2]


Nov 13, 2019 6:54:06 PM java.util.logging.LogManager$RootLogger log
INFO: Start of solver :getSolution() : Wed Nov 13 18:54:06 PST 2019


Nov 13, 2019 6:54:06 PM java.util.logging.LogManager$RootLogger log
INFO: 
timeout(solve_mapping_problem([ 
reserved([p,DIGITAL_IO0sv0,pad,_],'digital_io$01310748862$0'),
reserved([devicepackage,0,_],'digital_io$1882167628$0'),
uri([devicepackage,0,14],'digital_io$1882167628$0'),
signal('digital_io$01310748862$0',pad,'digital_io$01310748862$0$pad'),
signal('digital_io$1882167628$0',pin,'digital_io$1882167628$0$pin'),
connected('digital_io$1882167628$0$pin','digital_io$01310748862$0$pad',1),
connected('digital_io$01310748862$0$pad','digital_io$1882167628$0$pin',1),
uri_element_range(DIGITAL_IO0sv0,[0, 1, 2, 3, 4])
 ],Vars,Regs,Appslocalvars),15,writeln(timeout),all_solution, Timer, Due, Remainder).



Nov 13, 2019 6:54:06 PM java.util.logging.LogManager$RootLogger log
INFO: 
End of solver : getSolution() :  Difference in ms 32


Nov 13, 2019 6:54:36 PM java.util.logging.LogManager$RootLogger log
INFO: [/p/1/pad/0, /digital_io$01310748862$0, /devicepackage/0/14, /digital_io$1882167628$0]


Nov 13, 2019 6:54:36 PM java.util.logging.LogManager$RootLogger log
INFO: [/p/1/pad/0/iocr_pcr, /0, /p/1/pad/0/iocr_oe, /0, /p/1/pad/0/hwsel_hw, /0, /p/1/pad/1/iocr_pcr, /0, /p/1/pad/1/iocr_oe, /0, /p/1/pad/1/hwsel_hw, /0, /p/1/pad/2/iocr_pcr, /0, /p/1/pad/2/iocr_oe, /0, /p/1/pad/2/hwsel_hw, /0, /p/1/pad/3/iocr_pcr, /0, /p/1/pad/3/iocr_oe, /0, /p/1/pad/3/hwsel_hw, /0, /p/2/pad/2/iocr_pcr, /0, /p/2/pad/2/iocr_oe, /0, /p/2/pad/2/hwsel_hw, /0, /p/2/pad/2/pdisc_pdis, /1, /p/2/pad/6/iocr_pcr, /0, /p/2/pad/6/iocr_oe, /0, /p/2/pad/6/hwsel_hw, /0, /p/2/pad/6/pdisc_pdis, /1, /p/2/pad/7/iocr_pcr, /0, /p/2/pad/7/iocr_oe, /0, /p/2/pad/7/hwsel_hw, /0, /p/2/pad/7/pdisc_pdis, /1, /p/2/pad/8/iocr_pcr, /0, /p/2/pad/8/iocr_oe, /0, /p/2/pad/8/hwsel_hw, /0, /p/2/pad/8/pdisc_pdis, /1, /p/2/pad/9/iocr_pcr, /0, /p/2/pad/9/iocr_oe, /0, /p/2/pad/9/hwsel_hw, /0, /p/2/pad/9/pdisc_pdis, /1, /p/0/pad/0/iocr_pcr, /0, /p/0/pad/0/iocr_oe, /0, /p/0/pad/0/hwsel_hw, /0, /p/0/pad/12/iocr_pcr, /0, /p/0/pad/12/iocr_oe, /0, /p/0/pad/12/hwsel_hw, /0, /p/0/pad/13/iocr_pcr, /0, /p/0/pad/13/iocr_oe, /0, /p/0/pad/13/hwsel_hw, /0, /p/0/pad/14/iocr_pcr, /0, /p/0/pad/14/iocr_oe, /0, /p/0/pad/14/hwsel_hw, /0, /p/0/pad/15/iocr_pcr, /0, /p/0/pad/15/iocr_oe, /0, /p/0/pad/15/hwsel_hw, /0, /p/0/pad/5/iocr_pcr, /0, /p/0/pad/5/iocr_oe, /0, /p/0/pad/5/hwsel_hw, /0, /p/0/pad/6/iocr_pcr, /0, /p/0/pad/6/iocr_oe, /0, /p/0/pad/6/hwsel_hw, /0, /p/0/pad/7/iocr_pcr, /0, /p/0/pad/7/iocr_oe, /0, /p/0/pad/7/hwsel_hw, /0, /p/0/pad/8/iocr_pcr, /0, /p/0/pad/8/iocr_oe, /0, /p/0/pad/8/hwsel_hw, /0, /p/0/pad/9/iocr_pcr, /0, /p/0/pad/9/iocr_oe, /0, /p/0/pad/9/hwsel_hw, /0, /p/2/pad/0/iocr_pcr, /0, /p/2/pad/0/iocr_oe, /0, /p/2/pad/0/hwsel_hw, /0, /p/2/pad/0/pdisc_pdis, /1, /p/2/pad/1/iocr_pcr, /0, /p/2/pad/1/iocr_oe, /0, /p/2/pad/1/hwsel_hw, /0, /p/2/pad/1/pdisc_pdis, /1, /p/2/pad/10/iocr_pcr, /0, /p/2/pad/10/iocr_oe, /0, /p/2/pad/10/hwsel_hw, /0, /p/2/pad/10/pdisc_pdis, /1, /p/2/pad/11/iocr_pcr, /0, /p/2/pad/11/iocr_oe, /0, /p/2/pad/11/hwsel_hw, /0, /p/2/pad/11/pdisc_pdis, /1, /ccu4/0/cc4/0/srs_cmsr, /0, /ccu4/0/cc4/0/srs_e0sr, /0, /ccu4/0/cc4/0/srs_e1sr, /0, /ccu4/0/cc4/0/srs_e2sr, /0, /ccu4/0/cc4/0/ins_ev0is, /0, /ccu4/0/cc4/0/ins_ev1is, /0, /ccu4/0/cc4/0/ins_ev2is, /0, /ccu4/0/cc4/0/srs_posr, /0, /ccu4/0/cc4/1/srs_cmsr, /0, /ccu4/0/cc4/1/srs_e0sr, /0, /ccu4/0/cc4/1/srs_e1sr, /0, /ccu4/0/cc4/1/srs_e2sr, /0, /ccu4/0/cc4/1/ins_ev0is, /0, /ccu4/0/cc4/1/ins_ev1is, /0, /ccu4/0/cc4/1/ins_ev2is, /0, /ccu4/0/cc4/1/srs_posr, /0, /ccu4/0/cc4/1/cmc_tce, /0, /ccu4/0/cc4/2/srs_cmsr, /0, /ccu4/0/cc4/2/srs_e0sr, /0, /ccu4/0/cc4/2/srs_e1sr, /0, /ccu4/0/cc4/2/srs_e2sr, /0, /ccu4/0/cc4/2/ins_ev0is, /0, /ccu4/0/cc4/2/ins_ev1is, /0, /ccu4/0/cc4/2/ins_ev2is, /0, /ccu4/0/cc4/2/srs_posr, /0, /ccu4/0/cc4/2/cmc_tce, /0, /ccu4/0/cc4/3/srs_cmsr, /0, /ccu4/0/cc4/3/srs_e0sr, /0, /ccu4/0/cc4/3/srs_e1sr, /0, /ccu4/0/cc4/3/srs_e2sr, /0, /ccu4/0/cc4/3/ins_ev0is, /0, /ccu4/0/cc4/3/ins_ev1is, /0, /ccu4/0/cc4/3/ins_ev2is, /0, /ccu4/0/cc4/3/srs_posr, /0, /ccu4/0/cc4/3/cmc_tce, /0, /ccu4/0/global/gctrl_pcis, /0, /cpu/0/nvic/interrupt/0/iser_setena, /0, /cpu/0/nvic/interrupt/1/iser_setena, /0, /cpu/0/nvic/interrupt/10/iser_setena, /0, /cpu/0/nvic/interrupt/11/iser_setena, /0, /cpu/0/nvic/interrupt/12/iser_setena, /0, /cpu/0/nvic/interrupt/13/iser_setena, /0, /cpu/0/nvic/interrupt/14/iser_setena, /0, /cpu/0/nvic/interrupt/15/iser_setena, /0, /cpu/0/nvic/interrupt/16/iser_setena, /0, /cpu/0/nvic/interrupt/17/iser_setena, /0, /cpu/0/nvic/interrupt/18/iser_setena, /0, /cpu/0/nvic/interrupt/19/iser_setena, /0, /cpu/0/nvic/interrupt/2/iser_setena, /0, /cpu/0/nvic/interrupt/20/iser_setena, /0, /cpu/0/nvic/interrupt/21/iser_setena, /0, /cpu/0/nvic/interrupt/22/iser_setena, /0, /cpu/0/nvic/interrupt/23/iser_setena, /0, /cpu/0/nvic/interrupt/24/iser_setena, /0, /cpu/0/nvic/interrupt/25/iser_setena, /0, /cpu/0/nvic/interrupt/26/iser_setena, /0, /cpu/0/nvic/interrupt/27/iser_setena, /0, /cpu/0/nvic/interrupt/28/iser_setena, /0, /cpu/0/nvic/interrupt/29/iser_setena, /0, /cpu/0/nvic/interrupt/3/iser_setena, /0, /cpu/0/nvic/interrupt/30/iser_setena, /0, /cpu/0/nvic/interrupt/31/iser_setena, /0, /cpu/0/nvic/interrupt/4/iser_setena, /0, /cpu/0/nvic/interrupt/5/iser_setena, /0, /cpu/0/nvic/interrupt/6/iser_setena, /0, /cpu/0/nvic/interrupt/7/iser_setena, /0, /cpu/0/nvic/interrupt/9/iser_setena, /0, /eru/0/ers_etl/0/exicon_pe, /0, /eru/0/ers_etl/0/exicon_ocs, /0, /eru/0/ers_etl/0/exisel_exsxb, /0, /eru/0/ers_etl/0/exisel_exsxa, /0, /eru/0/ers_etl/1/exicon_pe, /0, /eru/0/ers_etl/1/exicon_ocs, /0, /eru/0/ers_etl/1/exisel_exsxb, /0, /eru/0/ers_etl/1/exisel_exsxa, /0, /eru/0/ers_etl/2/exicon_pe, /0, /eru/0/ers_etl/2/exicon_ocs, /0, /eru/0/ers_etl/2/exisel_exsxb, /0, /eru/0/ers_etl/2/exisel_exsxa, /0, /eru/0/ers_etl/3/exicon_pe, /0, /eru/0/ers_etl/3/exicon_ocs, /0, /eru/0/ers_etl/3/exisel_exsxb, /0, /eru/0/ers_etl/3/exisel_exsxa, /0, /eru/0/ogu/0/exocon_iss, /0, /eru/0/ogu/0/exocon_ipen0, /0, /eru/0/ogu/0/exocon_ipen1, /0, /eru/0/ogu/0/exocon_ipen2, /0, /eru/0/ogu/0/exocon_ipen3, /0, /eru/0/ogu/1/exocon_iss, /0, /eru/0/ogu/1/exocon_ipen0, /0, /eru/0/ogu/1/exocon_ipen1, /0, /eru/0/ogu/1/exocon_ipen2, /0, /eru/0/ogu/1/exocon_ipen3, /0, /eru/0/ogu/2/exocon_iss, /0, /eru/0/ogu/2/exocon_ipen0, /0, /eru/0/ogu/2/exocon_ipen1, /0, /eru/0/ogu/2/exocon_ipen2, /0, /eru/0/ogu/2/exocon_ipen3, /0, /eru/0/ogu/3/exocon_iss, /0, /eru/0/ogu/3/exocon_ipen0, /0, /eru/0/ogu/3/exocon_ipen1, /0, /eru/0/ogu/3/exocon_ipen2, /0, /eru/0/ogu/3/exocon_ipen3, /0, /scu/0/ccu/config/clkcr_rtcclksel, /0, /usic/0/channel/0/ccr_hpcen, /0, /usic/0/channel/0/dx1cr_dsel, /0, /usic/0/channel/0/dx0cr_dsel, /0, /usic/0/channel/0/dx5cr_dsel, /0, /usic/0/channel/0/dx3cr_dsel, /0, /usic/0/channel/0/dx4cr_dsel, /0, /usic/0/channel/0/dx2cr_dsel, /0, /usic/0/channel/0/rbctr_arbien, /0, /usic/0/channel/0/rbctr_arbinp, /0, /usic/0/channel/0/ccr_aien, /0, /usic/0/channel/0/inpr_ainp, /0, /usic/0/channel/0/ccr_brgien, /0, /usic/0/channel/0/inpr_pinp, /0, /usic/0/channel/0/ccr_dlien, /0, /usic/0/channel/0/rbctr_rberien, /0, /usic/0/channel/0/ccr_rsien, /0, /usic/0/channel/0/inpr_tbinp, /0, /usic/0/channel/0/rbctr_srbien, /0, /usic/0/channel/0/rbctr_srbinp, /0, /usic/0/channel/0/ccr_rien, /0, /usic/0/channel/0/inpr_rinp, /0, /usic/0/channel/0/tbctr_stbien, /0, /usic/0/channel/0/tbctr_stbinp, /0, /usic/0/channel/0/tbctr_tberien, /0, /usic/0/channel/0/tbctr_atbinp, /0, /usic/0/channel/0/ccr_tbien, /0, /usic/0/channel/0/ccr_tsien, /0, /usic/0/channel/0/inpr_tsinp, /0, /usic/0/channel/0/rbctr_dptr, /0, /usic/0/channel/0/rbctr_size, /0, /usic/0/channel/0/tbctr_dptr, /0, /usic/0/channel/0/tbctr_size, /0, /usic/0/channel/1/ccr_hpcen, /0, /usic/0/channel/1/dx1cr_dsel, /0, /usic/0/channel/1/dx0cr_dsel, /0, /usic/0/channel/1/dx5cr_dsel, /0, /usic/0/channel/1/dx3cr_dsel, /0, /usic/0/channel/1/dx4cr_dsel, /0, /usic/0/channel/1/dx2cr_dsel, /0, /usic/0/channel/1/rbctr_arbien, /0, /usic/0/channel/1/rbctr_arbinp, /0, /usic/0/channel/1/ccr_aien, /0, /usic/0/channel/1/inpr_ainp, /0, /usic/0/channel/1/ccr_brgien, /0, /usic/0/channel/1/inpr_pinp, /0, /usic/0/channel/1/ccr_dlien, /0, /usic/0/channel/1/rbctr_rberien, /0, /usic/0/channel/1/ccr_rsien, /0, /usic/0/channel/1/inpr_tbinp, /0, /usic/0/channel/1/rbctr_srbien, /0, /usic/0/channel/1/rbctr_srbinp, /0, /usic/0/channel/1/ccr_rien, /0, /usic/0/channel/1/inpr_rinp, /0, /usic/0/channel/1/tbctr_stbien, /0, /usic/0/channel/1/tbctr_stbinp, /0, /usic/0/channel/1/tbctr_tberien, /0, /usic/0/channel/1/tbctr_atbinp, /0, /usic/0/channel/1/ccr_tbien, /0, /usic/0/channel/1/ccr_tsien, /0, /usic/0/channel/1/inpr_tsinp, /0, /usic/0/channel/1/rbctr_dptr, /0, /usic/0/channel/1/rbctr_size, /0, /usic/0/channel/1/tbctr_dptr, /0, /usic/0/channel/1/tbctr_size, /0, /vadc/0/backgnd/brsctrl_xtsel, /0, /vadc/0/backgnd/brsctrl_xtwc, /0, /vadc/0/backgnd/brsctrl_gtsel, /0, /vadc/0/backgnd/brsctrl_gtwc, /0, /vadc/0/backgnd/globevnp_sev0np, /0, /vadc/0/global/emuxsel_emuxgrp0, /0, /vadc/0/global/emuxsel_emuxgrp1, /0, /vadc/0/global_result/globevnp_revnp, /0]


Nov 13, 2019 6:54:53 PM java.util.logging.LogManager$RootLogger log
INFO: Start of solver :getFeasiblePins() : Wed Nov 13 18:54:53 PST 2019


Nov 13, 2019 6:54:53 PM java.util.logging.LogManager$RootLogger log
INFO: 
timeout(ask_feasible_mapping([reserved([p,DIGITAL_IO0sv0,pad,_],'digital_io$01310748862$0'),
reserved([devicepackage,0,_],'digital_io$1882167628$0'),
signal('digital_io$01310748862$0',pad,'digital_io$01310748862$0$pad'),
signal('digital_io$1882167628$0',pin,'digital_io$1882167628$0$pin'),
connected('digital_io$1882167628$0$pin','digital_io$01310748862$0$pad',1),
connected('digital_io$01310748862$0$pad','digital_io$1882167628$0$pin',1),
uri_element_range(DIGITAL_IO0sv0,[0, 1, 2, 3, 4])],'digital_io$1882167628$0',Result),15,writeln(timeout),all_solution, Timer, Due, Remainder).



Nov 13, 2019 6:54:53 PM java.util.logging.LogManager$RootLogger log
INFO: 
End of solver : getFeasiblePins() :  Difference in ms 31


Nov 13, 2019 6:54:53 PM java.util.logging.LogManager$RootLogger log
INFO: [/devicepackage/0/8, /devicepackage/0/19, /devicepackage/0/13, /devicepackage/0/14, /devicepackage/0/11, /devicepackage/0/12, /devicepackage/0/22, /devicepackage/0/17, /devicepackage/0/18, /devicepackage/0/23, /devicepackage/0/15, /devicepackage/0/24, /devicepackage/0/16, /devicepackage/0/5, /devicepackage/0/4, /devicepackage/0/20, /devicepackage/0/7, /devicepackage/0/21, /devicepackage/0/6, /devicepackage/0/1, /devicepackage/0/3, /devicepackage/0/2]


Nov 13, 2019 6:54:57 PM java.util.logging.LogManager$RootLogger log
INFO: Start of solver :getFeasibleVirtualResources() : Wed Nov 13 18:54:57 PST 2019


Nov 13, 2019 6:54:57 PM java.util.logging.LogManager$RootLogger log
INFO: 
timeout(ask_feasible_virtual_resource([reserved([p,DIGITAL_IO0sv0,pad,_],'digital_io$01310748862$0'),
reserved([devicepackage,0,_],'digital_io$1882167628$0'),
signal('digital_io$01310748862$0',pad,'digital_io$01310748862$0$pad'),
signal('digital_io$1882167628$0',pin,'digital_io$1882167628$0$pin'),
connected('digital_io$1882167628$0$pin','digital_io$01310748862$0$pad',1),
connected('digital_io$01310748862$0$pad','digital_io$1882167628$0$pin',1),
uri_element_range(DIGITAL_IO0sv0,[0, 1, 2, 3, 4])],[devicepackage,0,15],Result),15,writeln(timeout),all_solution, Timer, Due, Remainder).



Nov 13, 2019 6:54:57 PM java.util.logging.LogManager$RootLogger log
INFO: 
End of solver : getFeasibleVirtualResources() :  Difference in ms 16


Nov 13, 2019 6:54:57 PM java.util.logging.LogManager$RootLogger log
INFO: [/digital_io$1882167628$0]


Nov 13, 2019 6:55:04 PM java.util.logging.LogManager$RootLogger log
INFO: Start of solver :getFeasibleVirtualResources() : Wed Nov 13 18:55:04 PST 2019


Nov 13, 2019 6:55:04 PM java.util.logging.LogManager$RootLogger log
INFO: 
timeout(ask_feasible_virtual_resource([reserved([p,DIGITAL_IO0sv0,pad,_],'digital_io$01310748862$0'),
reserved([devicepackage,0,_],'digital_io$1882167628$0'),
signal('digital_io$01310748862$0',pad,'digital_io$01310748862$0$pad'),
signal('digital_io$1882167628$0',pin,'digital_io$1882167628$0$pin'),
connected('digital_io$1882167628$0$pin','digital_io$01310748862$0$pad',1),
connected('digital_io$01310748862$0$pad','digital_io$1882167628$0$pin',1),
uri_element_range(DIGITAL_IO0sv0,[0, 1, 2, 3, 4])],[devicepackage,0,13],Result),15,writeln(timeout),all_solution, Timer, Due, Remainder).



Nov 13, 2019 6:55:04 PM java.util.logging.LogManager$RootLogger log
INFO: 
End of solver : getFeasibleVirtualResources() :  Difference in ms 15


Nov 13, 2019 6:55:04 PM java.util.logging.LogManager$RootLogger log
INFO: [/digital_io$1882167628$0]


Nov 13, 2019 6:55:05 PM java.util.logging.LogManager$RootLogger log
INFO: Start of solver :getSolution() : Wed Nov 13 18:55:05 PST 2019


Nov 13, 2019 6:55:05 PM java.util.logging.LogManager$RootLogger log
INFO: 
timeout(solve_mapping_problem([ 
reserved([p,DIGITAL_IO0sv0,pad,_],'digital_io$01310748862$0'),
reserved([devicepackage,0,_],'digital_io$1882167628$0'),
uri([devicepackage,0,13],'digital_io$1882167628$0'),
signal('digital_io$01310748862$0',pad,'digital_io$01310748862$0$pad'),
signal('digital_io$1882167628$0',pin,'digital_io$1882167628$0$pin'),
connected('digital_io$1882167628$0$pin','digital_io$01310748862$0$pad',1),
connected('digital_io$01310748862$0$pad','digital_io$1882167628$0$pin',1),
uri_element_range(DIGITAL_IO0sv0,[0, 1, 2, 3, 4])
 ],Vars,Regs,Appslocalvars),15,writeln(timeout),all_solution, Timer, Due, Remainder).



Nov 13, 2019 6:55:05 PM java.util.logging.LogManager$RootLogger log
INFO: 
End of solver : getSolution() :  Difference in ms 47


Nov 13, 2019 6:55:05 PM java.util.logging.LogManager$RootLogger log
INFO: [/p/1/pad/1, /digital_io$01310748862$0, /devicepackage/0/13, /digital_io$1882167628$0]


Nov 13, 2019 6:55:05 PM java.util.logging.LogManager$RootLogger log
INFO: [/p/1/pad/0/iocr_pcr, /0, /p/1/pad/0/iocr_oe, /0, /p/1/pad/0/hwsel_hw, /0, /p/1/pad/1/iocr_pcr, /0, /p/1/pad/1/iocr_oe, /0, /p/1/pad/1/hwsel_hw, /0, /p/1/pad/2/iocr_pcr, /0, /p/1/pad/2/iocr_oe, /0, /p/1/pad/2/hwsel_hw, /0, /p/1/pad/3/iocr_pcr, /0, /p/1/pad/3/iocr_oe, /0, /p/1/pad/3/hwsel_hw, /0, /p/2/pad/2/iocr_pcr, /0, /p/2/pad/2/iocr_oe, /0, /p/2/pad/2/hwsel_hw, /0, /p/2/pad/2/pdisc_pdis, /1, /p/2/pad/6/iocr_pcr, /0, /p/2/pad/6/iocr_oe, /0, /p/2/pad/6/hwsel_hw, /0, /p/2/pad/6/pdisc_pdis, /1, /p/2/pad/7/iocr_pcr, /0, /p/2/pad/7/iocr_oe, /0, /p/2/pad/7/hwsel_hw, /0, /p/2/pad/7/pdisc_pdis, /1, /p/2/pad/8/iocr_pcr, /0, /p/2/pad/8/iocr_oe, /0, /p/2/pad/8/hwsel_hw, /0, /p/2/pad/8/pdisc_pdis, /1, /p/2/pad/9/iocr_pcr, /0, /p/2/pad/9/iocr_oe, /0, /p/2/pad/9/hwsel_hw, /0, /p/2/pad/9/pdisc_pdis, /1, /p/0/pad/0/iocr_pcr, /0, /p/0/pad/0/iocr_oe, /0, /p/0/pad/0/hwsel_hw, /0, /p/0/pad/12/iocr_pcr, /0, /p/0/pad/12/iocr_oe, /0, /p/0/pad/12/hwsel_hw, /0, /p/0/pad/13/iocr_pcr, /0, /p/0/pad/13/iocr_oe, /0, /p/0/pad/13/hwsel_hw, /0, /p/0/pad/14/iocr_pcr, /0, /p/0/pad/14/iocr_oe, /0, /p/0/pad/14/hwsel_hw, /0, /p/0/pad/15/iocr_pcr, /0, /p/0/pad/15/iocr_oe, /0, /p/0/pad/15/hwsel_hw, /0, /p/0/pad/5/iocr_pcr, /0, /p/0/pad/5/iocr_oe, /0, /p/0/pad/5/hwsel_hw, /0, /p/0/pad/6/iocr_pcr, /0, /p/0/pad/6/iocr_oe, /0, /p/0/pad/6/hwsel_hw, /0, /p/0/pad/7/iocr_pcr, /0, /p/0/pad/7/iocr_oe, /0, /p/0/pad/7/hwsel_hw, /0, /p/0/pad/8/iocr_pcr, /0, /p/0/pad/8/iocr_oe, /0, /p/0/pad/8/hwsel_hw, /0, /p/0/pad/9/iocr_pcr, /0, /p/0/pad/9/iocr_oe, /0, /p/0/pad/9/hwsel_hw, /0, /p/2/pad/0/iocr_pcr, /0, /p/2/pad/0/iocr_oe, /0, /p/2/pad/0/hwsel_hw, /0, /p/2/pad/0/pdisc_pdis, /1, /p/2/pad/1/iocr_pcr, /0, /p/2/pad/1/iocr_oe, /0, /p/2/pad/1/hwsel_hw, /0, /p/2/pad/1/pdisc_pdis, /1, /p/2/pad/10/iocr_pcr, /0, /p/2/pad/10/iocr_oe, /0, /p/2/pad/10/hwsel_hw, /0, /p/2/pad/10/pdisc_pdis, /1, /p/2/pad/11/iocr_pcr, /0, /p/2/pad/11/iocr_oe, /0, /p/2/pad/11/hwsel_hw, /0, /p/2/pad/11/pdisc_pdis, /1, /ccu4/0/cc4/0/srs_cmsr, /0, /ccu4/0/cc4/0/srs_e0sr, /0, /ccu4/0/cc4/0/srs_e1sr, /0, /ccu4/0/cc4/0/srs_e2sr, /0, /ccu4/0/cc4/0/ins_ev0is, /0, /ccu4/0/cc4/0/ins_ev1is, /0, /ccu4/0/cc4/0/ins_ev2is, /0, /ccu4/0/cc4/0/srs_posr, /0, /ccu4/0/cc4/1/srs_cmsr, /0, /ccu4/0/cc4/1/srs_e0sr, /0, /ccu4/0/cc4/1/srs_e1sr, /0, /ccu4/0/cc4/1/srs_e2sr, /0, /ccu4/0/cc4/1/ins_ev0is, /0, /ccu4/0/cc4/1/ins_ev1is, /0, /ccu4/0/cc4/1/ins_ev2is, /0, /ccu4/0/cc4/1/srs_posr, /0, /ccu4/0/cc4/1/cmc_tce, /0, /ccu4/0/cc4/2/srs_cmsr, /0, /ccu4/0/cc4/2/srs_e0sr, /0, /ccu4/0/cc4/2/srs_e1sr, /0, /ccu4/0/cc4/2/srs_e2sr, /0, /ccu4/0/cc4/2/ins_ev0is, /0, /ccu4/0/cc4/2/ins_ev1is, /0, /ccu4/0/cc4/2/ins_ev2is, /0, /ccu4/0/cc4/2/srs_posr, /0, /ccu4/0/cc4/2/cmc_tce, /0, /ccu4/0/cc4/3/srs_cmsr, /0, /ccu4/0/cc4/3/srs_e0sr, /0, /ccu4/0/cc4/3/srs_e1sr, /0, /ccu4/0/cc4/3/srs_e2sr, /0, /ccu4/0/cc4/3/ins_ev0is, /0, /ccu4/0/cc4/3/ins_ev1is, /0, /ccu4/0/cc4/3/ins_ev2is, /0, /ccu4/0/cc4/3/srs_posr, /0, /ccu4/0/cc4/3/cmc_tce, /0, /ccu4/0/global/gctrl_pcis, /0, /cpu/0/nvic/interrupt/0/iser_setena, /0, /cpu/0/nvic/interrupt/1/iser_setena, /0, /cpu/0/nvic/interrupt/10/iser_setena, /0, /cpu/0/nvic/interrupt/11/iser_setena, /0, /cpu/0/nvic/interrupt/12/iser_setena, /0, /cpu/0/nvic/interrupt/13/iser_setena, /0, /cpu/0/nvic/interrupt/14/iser_setena, /0, /cpu/0/nvic/interrupt/15/iser_setena, /0, /cpu/0/nvic/interrupt/16/iser_setena, /0, /cpu/0/nvic/interrupt/17/iser_setena, /0, /cpu/0/nvic/interrupt/18/iser_setena, /0, /cpu/0/nvic/interrupt/19/iser_setena, /0, /cpu/0/nvic/interrupt/2/iser_setena, /0, /cpu/0/nvic/interrupt/20/iser_setena, /0, /cpu/0/nvic/interrupt/21/iser_setena, /0, /cpu/0/nvic/interrupt/22/iser_setena, /0, /cpu/0/nvic/interrupt/23/iser_setena, /0, /cpu/0/nvic/interrupt/24/iser_setena, /0, /cpu/0/nvic/interrupt/25/iser_setena, /0, /cpu/0/nvic/interrupt/26/iser_setena, /0, /cpu/0/nvic/interrupt/27/iser_setena, /0, /cpu/0/nvic/interrupt/28/iser_setena, /0, /cpu/0/nvic/interrupt/29/iser_setena, /0, /cpu/0/nvic/interrupt/3/iser_setena, /0, /cpu/0/nvic/interrupt/30/iser_setena, /0, /cpu/0/nvic/interrupt/31/iser_setena, /0, /cpu/0/nvic/interrupt/4/iser_setena, /0, /cpu/0/nvic/interrupt/5/iser_setena, /0, /cpu/0/nvic/interrupt/6/iser_setena, /0, /cpu/0/nvic/interrupt/7/iser_setena, /0, /cpu/0/nvic/interrupt/9/iser_setena, /0, /eru/0/ers_etl/0/exicon_pe, /0, /eru/0/ers_etl/0/exicon_ocs, /0, /eru/0/ers_etl/0/exisel_exsxb, /0, /eru/0/ers_etl/0/exisel_exsxa, /0, /eru/0/ers_etl/1/exicon_pe, /0, /eru/0/ers_etl/1/exicon_ocs, /0, /eru/0/ers_etl/1/exisel_exsxb, /0, /eru/0/ers_etl/1/exisel_exsxa, /0, /eru/0/ers_etl/2/exicon_pe, /0, /eru/0/ers_etl/2/exicon_ocs, /0, /eru/0/ers_etl/2/exisel_exsxb, /0, /eru/0/ers_etl/2/exisel_exsxa, /0, /eru/0/ers_etl/3/exicon_pe, /0, /eru/0/ers_etl/3/exicon_ocs, /0, /eru/0/ers_etl/3/exisel_exsxb, /0, /eru/0/ers_etl/3/exisel_exsxa, /0, /eru/0/ogu/0/exocon_iss, /0, /eru/0/ogu/0/exocon_ipen0, /0, /eru/0/ogu/0/exocon_ipen1, /0, /eru/0/ogu/0/exocon_ipen2, /0, /eru/0/ogu/0/exocon_ipen3, /0, /eru/0/ogu/1/exocon_iss, /0, /eru/0/ogu/1/exocon_ipen0, /0, /eru/0/ogu/1/exocon_ipen1, /0, /eru/0/ogu/1/exocon_ipen2, /0, /eru/0/ogu/1/exocon_ipen3, /0, /eru/0/ogu/2/exocon_iss, /0, /eru/0/ogu/2/exocon_ipen0, /0, /eru/0/ogu/2/exocon_ipen1, /0, /eru/0/ogu/2/exocon_ipen2, /0, /eru/0/ogu/2/exocon_ipen3, /0, /eru/0/ogu/3/exocon_iss, /0, /eru/0/ogu/3/exocon_ipen0, /0, /eru/0/ogu/3/exocon_ipen1, /0, /eru/0/ogu/3/exocon_ipen2, /0, /eru/0/ogu/3/exocon_ipen3, /0, /scu/0/ccu/config/clkcr_rtcclksel, /0, /usic/0/channel/0/ccr_hpcen, /0, /usic/0/channel/0/dx1cr_dsel, /0, /usic/0/channel/0/dx0cr_dsel, /0, /usic/0/channel/0/dx5cr_dsel, /0, /usic/0/channel/0/dx3cr_dsel, /0, /usic/0/channel/0/dx4cr_dsel, /0, /usic/0/channel/0/dx2cr_dsel, /0, /usic/0/channel/0/rbctr_arbien, /0, /usic/0/channel/0/rbctr_arbinp, /0, /usic/0/channel/0/ccr_aien, /0, /usic/0/channel/0/inpr_ainp, /0, /usic/0/channel/0/ccr_brgien, /0, /usic/0/channel/0/inpr_pinp, /0, /usic/0/channel/0/ccr_dlien, /0, /usic/0/channel/0/rbctr_rberien, /0, /usic/0/channel/0/ccr_rsien, /0, /usic/0/channel/0/inpr_tbinp, /0, /usic/0/channel/0/rbctr_srbien, /0, /usic/0/channel/0/rbctr_srbinp, /0, /usic/0/channel/0/ccr_rien, /0, /usic/0/channel/0/inpr_rinp, /0, /usic/0/channel/0/tbctr_stbien, /0, /usic/0/channel/0/tbctr_stbinp, /0, /usic/0/channel/0/tbctr_tberien, /0, /usic/0/channel/0/tbctr_atbinp, /0, /usic/0/channel/0/ccr_tbien, /0, /usic/0/channel/0/ccr_tsien, /0, /usic/0/channel/0/inpr_tsinp, /0, /usic/0/channel/0/rbctr_dptr, /0, /usic/0/channel/0/rbctr_size, /0, /usic/0/channel/0/tbctr_dptr, /0, /usic/0/channel/0/tbctr_size, /0, /usic/0/channel/1/ccr_hpcen, /0, /usic/0/channel/1/dx1cr_dsel, /0, /usic/0/channel/1/dx0cr_dsel, /0, /usic/0/channel/1/dx5cr_dsel, /0, /usic/0/channel/1/dx3cr_dsel, /0, /usic/0/channel/1/dx4cr_dsel, /0, /usic/0/channel/1/dx2cr_dsel, /0, /usic/0/channel/1/rbctr_arbien, /0, /usic/0/channel/1/rbctr_arbinp, /0, /usic/0/channel/1/ccr_aien, /0, /usic/0/channel/1/inpr_ainp, /0, /usic/0/channel/1/ccr_brgien, /0, /usic/0/channel/1/inpr_pinp, /0, /usic/0/channel/1/ccr_dlien, /0, /usic/0/channel/1/rbctr_rberien, /0, /usic/0/channel/1/ccr_rsien, /0, /usic/0/channel/1/inpr_tbinp, /0, /usic/0/channel/1/rbctr_srbien, /0, /usic/0/channel/1/rbctr_srbinp, /0, /usic/0/channel/1/ccr_rien, /0, /usic/0/channel/1/inpr_rinp, /0, /usic/0/channel/1/tbctr_stbien, /0, /usic/0/channel/1/tbctr_stbinp, /0, /usic/0/channel/1/tbctr_tberien, /0, /usic/0/channel/1/tbctr_atbinp, /0, /usic/0/channel/1/ccr_tbien, /0, /usic/0/channel/1/ccr_tsien, /0, /usic/0/channel/1/inpr_tsinp, /0, /usic/0/channel/1/rbctr_dptr, /0, /usic/0/channel/1/rbctr_size, /0, /usic/0/channel/1/tbctr_dptr, /0, /usic/0/channel/1/tbctr_size, /0, /vadc/0/backgnd/brsctrl_xtsel, /0, /vadc/0/backgnd/brsctrl_xtwc, /0, /vadc/0/backgnd/brsctrl_gtsel, /0, /vadc/0/backgnd/brsctrl_gtwc, /0, /vadc/0/backgnd/globevnp_sev0np, /0, /vadc/0/global/emuxsel_emuxgrp0, /0, /vadc/0/global/emuxsel_emuxgrp1, /0, /vadc/0/global_result/globevnp_revnp, /0]


Nov 13, 2019 6:55:05 PM java.util.logging.LogManager$RootLogger log
INFO: Start of solver :getFeasiblePins() : Wed Nov 13 18:55:05 PST 2019


Nov 13, 2019 6:55:05 PM java.util.logging.LogManager$RootLogger log
INFO: 
timeout(ask_feasible_mapping([reserved([p,DIGITAL_IO0sv0,pad,_],'digital_io$01310748862$0'),
reserved([devicepackage,0,_],'digital_io$1882167628$0'),
signal('digital_io$01310748862$0',pad,'digital_io$01310748862$0$pad'),
signal('digital_io$1882167628$0',pin,'digital_io$1882167628$0$pin'),
connected('digital_io$1882167628$0$pin','digital_io$01310748862$0$pad',1),
connected('digital_io$01310748862$0$pad','digital_io$1882167628$0$pin',1),
uri_element_range(DIGITAL_IO0sv0,[0, 1, 2, 3, 4])],'digital_io$1882167628$0',Result),15,writeln(timeout),all_solution, Timer, Due, Remainder).



Nov 13, 2019 6:55:05 PM java.util.logging.LogManager$RootLogger log
INFO: 
End of solver : getFeasiblePins() :  Difference in ms 16


Nov 13, 2019 6:55:05 PM java.util.logging.LogManager$RootLogger log
INFO: [/devicepackage/0/8, /devicepackage/0/19, /devicepackage/0/13, /devicepackage/0/14, /devicepackage/0/11, /devicepackage/0/12, /devicepackage/0/22, /devicepackage/0/17, /devicepackage/0/18, /devicepackage/0/23, /devicepackage/0/15, /devicepackage/0/24, /devicepackage/0/16, /devicepackage/0/5, /devicepackage/0/4, /devicepackage/0/20, /devicepackage/0/7, /devicepackage/0/21, /devicepackage/0/6, /devicepackage/0/1, /devicepackage/0/3, /devicepackage/0/2]


Nov 13, 2019 6:55:05 PM java.util.logging.LogManager$RootLogger log
INFO: Start of solver :getFeasiblePins() : Wed Nov 13 18:55:05 PST 2019


Nov 13, 2019 6:55:05 PM java.util.logging.LogManager$RootLogger log
INFO: 
timeout(ask_feasible_mapping([reserved([p,DIGITAL_IO0sv0,pad,_],'digital_io$01310748862$0'),
reserved([devicepackage,0,_],'digital_io$1882167628$0'),
signal('digital_io$01310748862$0',pad,'digital_io$01310748862$0$pad'),
signal('digital_io$1882167628$0',pin,'digital_io$1882167628$0$pin'),
connected('digital_io$1882167628$0$pin','digital_io$01310748862$0$pad',1),
connected('digital_io$01310748862$0$pad','digital_io$1882167628$0$pin',1),
uri_element_range(DIGITAL_IO0sv0,[0, 1, 2, 3, 4])],'digital_io$1882167628$0',Result),15,writeln(timeout),all_solution, Timer, Due, Remainder).



Nov 13, 2019 6:55:05 PM java.util.logging.LogManager$RootLogger log
INFO: 
End of solver : getFeasiblePins() :  Difference in ms 31


Nov 13, 2019 6:55:05 PM java.util.logging.LogManager$RootLogger log
INFO: [/devicepackage/0/8, /devicepackage/0/19, /devicepackage/0/13, /devicepackage/0/14, /devicepackage/0/11, /devicepackage/0/12, /devicepackage/0/22, /devicepackage/0/17, /devicepackage/0/18, /devicepackage/0/23, /devicepackage/0/15, /devicepackage/0/24, /devicepackage/0/16, /devicepackage/0/5, /devicepackage/0/4, /devicepackage/0/20, /devicepackage/0/7, /devicepackage/0/21, /devicepackage/0/6, /devicepackage/0/1, /devicepackage/0/3, /devicepackage/0/2]


Nov 13, 2019 6:55:08 PM java.util.logging.LogManager$RootLogger log
INFO: Start of solver :getFeasibleVirtualResources() : Wed Nov 13 18:55:08 PST 2019


Nov 13, 2019 6:55:08 PM java.util.logging.LogManager$RootLogger log
INFO: 
timeout(ask_feasible_virtual_resource([reserved([p,DIGITAL_IO0sv0,pad,_],'digital_io$01310748862$0'),
reserved([devicepackage,0,_],'digital_io$1882167628$0'),
signal('digital_io$01310748862$0',pad,'digital_io$01310748862$0$pad'),
signal('digital_io$1882167628$0',pin,'digital_io$1882167628$0$pin'),
connected('digital_io$1882167628$0$pin','digital_io$01310748862$0$pad',1),
connected('digital_io$01310748862$0$pad','digital_io$1882167628$0$pin',1),
uri_element_range(DIGITAL_IO0sv0,[0, 1, 2, 3, 4])],[devicepackage,0,14],Result),15,writeln(timeout),all_solution, Timer, Due, Remainder).



Nov 13, 2019 6:55:08 PM java.util.logging.LogManager$RootLogger log
INFO: 
End of solver : getFeasibleVirtualResources() :  Difference in ms 0


Nov 13, 2019 6:55:08 PM java.util.logging.LogManager$RootLogger log
INFO: [/digital_io$1882167628$0]


Nov 13, 2019 6:55:09 PM java.util.logging.LogManager$RootLogger log
INFO: Start of solver :getSolution() : Wed Nov 13 18:55:09 PST 2019


Nov 13, 2019 6:55:09 PM java.util.logging.LogManager$RootLogger log
INFO: 
timeout(solve_mapping_problem([ 
reserved([p,DIGITAL_IO0sv0,pad,_],'digital_io$01310748862$0'),
reserved([devicepackage,0,_],'digital_io$1882167628$0'),
uri([devicepackage,0,14],'digital_io$1882167628$0'),
signal('digital_io$01310748862$0',pad,'digital_io$01310748862$0$pad'),
signal('digital_io$1882167628$0',pin,'digital_io$1882167628$0$pin'),
connected('digital_io$1882167628$0$pin','digital_io$01310748862$0$pad',1),
connected('digital_io$01310748862$0$pad','digital_io$1882167628$0$pin',1),
uri_element_range(DIGITAL_IO0sv0,[0, 1, 2, 3, 4])
 ],Vars,Regs,Appslocalvars),15,writeln(timeout),all_solution, Timer, Due, Remainder).



Nov 13, 2019 6:55:09 PM java.util.logging.LogManager$RootLogger log
INFO: 
End of solver : getSolution() :  Difference in ms 47


Nov 13, 2019 6:55:09 PM java.util.logging.LogManager$RootLogger log
INFO: [/p/1/pad/0, /digital_io$01310748862$0, /devicepackage/0/14, /digital_io$1882167628$0]


Nov 13, 2019 6:55:09 PM java.util.logging.LogManager$RootLogger log
INFO: [/p/1/pad/0/iocr_pcr, /0, /p/1/pad/0/iocr_oe, /0, /p/1/pad/0/hwsel_hw, /0, /p/1/pad/1/iocr_pcr, /0, /p/1/pad/1/iocr_oe, /0, /p/1/pad/1/hwsel_hw, /0, /p/1/pad/2/iocr_pcr, /0, /p/1/pad/2/iocr_oe, /0, /p/1/pad/2/hwsel_hw, /0, /p/1/pad/3/iocr_pcr, /0, /p/1/pad/3/iocr_oe, /0, /p/1/pad/3/hwsel_hw, /0, /p/2/pad/2/iocr_pcr, /0, /p/2/pad/2/iocr_oe, /0, /p/2/pad/2/hwsel_hw, /0, /p/2/pad/2/pdisc_pdis, /1, /p/2/pad/6/iocr_pcr, /0, /p/2/pad/6/iocr_oe, /0, /p/2/pad/6/hwsel_hw, /0, /p/2/pad/6/pdisc_pdis, /1, /p/2/pad/7/iocr_pcr, /0, /p/2/pad/7/iocr_oe, /0, /p/2/pad/7/hwsel_hw, /0, /p/2/pad/7/pdisc_pdis, /1, /p/2/pad/8/iocr_pcr, /0, /p/2/pad/8/iocr_oe, /0, /p/2/pad/8/hwsel_hw, /0, /p/2/pad/8/pdisc_pdis, /1, /p/2/pad/9/iocr_pcr, /0, /p/2/pad/9/iocr_oe, /0, /p/2/pad/9/hwsel_hw, /0, /p/2/pad/9/pdisc_pdis, /1, /p/0/pad/0/iocr_pcr, /0, /p/0/pad/0/iocr_oe, /0, /p/0/pad/0/hwsel_hw, /0, /p/0/pad/12/iocr_pcr, /0, /p/0/pad/12/iocr_oe, /0, /p/0/pad/12/hwsel_hw, /0, /p/0/pad/13/iocr_pcr, /0, /p/0/pad/13/iocr_oe, /0, /p/0/pad/13/hwsel_hw, /0, /p/0/pad/14/iocr_pcr, /0, /p/0/pad/14/iocr_oe, /0, /p/0/pad/14/hwsel_hw, /0, /p/0/pad/15/iocr_pcr, /0, /p/0/pad/15/iocr_oe, /0, /p/0/pad/15/hwsel_hw, /0, /p/0/pad/5/iocr_pcr, /0, /p/0/pad/5/iocr_oe, /0, /p/0/pad/5/hwsel_hw, /0, /p/0/pad/6/iocr_pcr, /0, /p/0/pad/6/iocr_oe, /0, /p/0/pad/6/hwsel_hw, /0, /p/0/pad/7/iocr_pcr, /0, /p/0/pad/7/iocr_oe, /0, /p/0/pad/7/hwsel_hw, /0, /p/0/pad/8/iocr_pcr, /0, /p/0/pad/8/iocr_oe, /0, /p/0/pad/8/hwsel_hw, /0, /p/0/pad/9/iocr_pcr, /0, /p/0/pad/9/iocr_oe, /0, /p/0/pad/9/hwsel_hw, /0, /p/2/pad/0/iocr_pcr, /0, /p/2/pad/0/iocr_oe, /0, /p/2/pad/0/hwsel_hw, /0, /p/2/pad/0/pdisc_pdis, /1, /p/2/pad/1/iocr_pcr, /0, /p/2/pad/1/iocr_oe, /0, /p/2/pad/1/hwsel_hw, /0, /p/2/pad/1/pdisc_pdis, /1, /p/2/pad/10/iocr_pcr, /0, /p/2/pad/10/iocr_oe, /0, /p/2/pad/10/hwsel_hw, /0, /p/2/pad/10/pdisc_pdis, /1, /p/2/pad/11/iocr_pcr, /0, /p/2/pad/11/iocr_oe, /0, /p/2/pad/11/hwsel_hw, /0, /p/2/pad/11/pdisc_pdis, /1, /ccu4/0/cc4/0/srs_cmsr, /0, /ccu4/0/cc4/0/srs_e0sr, /0, /ccu4/0/cc4/0/srs_e1sr, /0, /ccu4/0/cc4/0/srs_e2sr, /0, /ccu4/0/cc4/0/ins_ev0is, /0, /ccu4/0/cc4/0/ins_ev1is, /0, /ccu4/0/cc4/0/ins_ev2is, /0, /ccu4/0/cc4/0/srs_posr, /0, /ccu4/0/cc4/1/srs_cmsr, /0, /ccu4/0/cc4/1/srs_e0sr, /0, /ccu4/0/cc4/1/srs_e1sr, /0, /ccu4/0/cc4/1/srs_e2sr, /0, /ccu4/0/cc4/1/ins_ev0is, /0, /ccu4/0/cc4/1/ins_ev1is, /0, /ccu4/0/cc4/1/ins_ev2is, /0, /ccu4/0/cc4/1/srs_posr, /0, /ccu4/0/cc4/1/cmc_tce, /0, /ccu4/0/cc4/2/srs_cmsr, /0, /ccu4/0/cc4/2/srs_e0sr, /0, /ccu4/0/cc4/2/srs_e1sr, /0, /ccu4/0/cc4/2/srs_e2sr, /0, /ccu4/0/cc4/2/ins_ev0is, /0, /ccu4/0/cc4/2/ins_ev1is, /0, /ccu4/0/cc4/2/ins_ev2is, /0, /ccu4/0/cc4/2/srs_posr, /0, /ccu4/0/cc4/2/cmc_tce, /0, /ccu4/0/cc4/3/srs_cmsr, /0, /ccu4/0/cc4/3/srs_e0sr, /0, /ccu4/0/cc4/3/srs_e1sr, /0, /ccu4/0/cc4/3/srs_e2sr, /0, /ccu4/0/cc4/3/ins_ev0is, /0, /ccu4/0/cc4/3/ins_ev1is, /0, /ccu4/0/cc4/3/ins_ev2is, /0, /ccu4/0/cc4/3/srs_posr, /0, /ccu4/0/cc4/3/cmc_tce, /0, /ccu4/0/global/gctrl_pcis, /0, /cpu/0/nvic/interrupt/0/iser_setena, /0, /cpu/0/nvic/interrupt/1/iser_setena, /0, /cpu/0/nvic/interrupt/10/iser_setena, /0, /cpu/0/nvic/interrupt/11/iser_setena, /0, /cpu/0/nvic/interrupt/12/iser_setena, /0, /cpu/0/nvic/interrupt/13/iser_setena, /0, /cpu/0/nvic/interrupt/14/iser_setena, /0, /cpu/0/nvic/interrupt/15/iser_setena, /0, /cpu/0/nvic/interrupt/16/iser_setena, /0, /cpu/0/nvic/interrupt/17/iser_setena, /0, /cpu/0/nvic/interrupt/18/iser_setena, /0, /cpu/0/nvic/interrupt/19/iser_setena, /0, /cpu/0/nvic/interrupt/2/iser_setena, /0, /cpu/0/nvic/interrupt/20/iser_setena, /0, /cpu/0/nvic/interrupt/21/iser_setena, /0, /cpu/0/nvic/interrupt/22/iser_setena, /0, /cpu/0/nvic/interrupt/23/iser_setena, /0, /cpu/0/nvic/interrupt/24/iser_setena, /0, /cpu/0/nvic/interrupt/25/iser_setena, /0, /cpu/0/nvic/interrupt/26/iser_setena, /0, /cpu/0/nvic/interrupt/27/iser_setena, /0, /cpu/0/nvic/interrupt/28/iser_setena, /0, /cpu/0/nvic/interrupt/29/iser_setena, /0, /cpu/0/nvic/interrupt/3/iser_setena, /0, /cpu/0/nvic/interrupt/30/iser_setena, /0, /cpu/0/nvic/interrupt/31/iser_setena, /0, /cpu/0/nvic/interrupt/4/iser_setena, /0, /cpu/0/nvic/interrupt/5/iser_setena, /0, /cpu/0/nvic/interrupt/6/iser_setena, /0, /cpu/0/nvic/interrupt/7/iser_setena, /0, /cpu/0/nvic/interrupt/9/iser_setena, /0, /eru/0/ers_etl/0/exicon_pe, /0, /eru/0/ers_etl/0/exicon_ocs, /0, /eru/0/ers_etl/0/exisel_exsxb, /0, /eru/0/ers_etl/0/exisel_exsxa, /0, /eru/0/ers_etl/1/exicon_pe, /0, /eru/0/ers_etl/1/exicon_ocs, /0, /eru/0/ers_etl/1/exisel_exsxb, /0, /eru/0/ers_etl/1/exisel_exsxa, /0, /eru/0/ers_etl/2/exicon_pe, /0, /eru/0/ers_etl/2/exicon_ocs, /0, /eru/0/ers_etl/2/exisel_exsxb, /0, /eru/0/ers_etl/2/exisel_exsxa, /0, /eru/0/ers_etl/3/exicon_pe, /0, /eru/0/ers_etl/3/exicon_ocs, /0, /eru/0/ers_etl/3/exisel_exsxb, /0, /eru/0/ers_etl/3/exisel_exsxa, /0, /eru/0/ogu/0/exocon_iss, /0, /eru/0/ogu/0/exocon_ipen0, /0, /eru/0/ogu/0/exocon_ipen1, /0, /eru/0/ogu/0/exocon_ipen2, /0, /eru/0/ogu/0/exocon_ipen3, /0, /eru/0/ogu/1/exocon_iss, /0, /eru/0/ogu/1/exocon_ipen0, /0, /eru/0/ogu/1/exocon_ipen1, /0, /eru/0/ogu/1/exocon_ipen2, /0, /eru/0/ogu/1/exocon_ipen3, /0, /eru/0/ogu/2/exocon_iss, /0, /eru/0/ogu/2/exocon_ipen0, /0, /eru/0/ogu/2/exocon_ipen1, /0, /eru/0/ogu/2/exocon_ipen2, /0, /eru/0/ogu/2/exocon_ipen3, /0, /eru/0/ogu/3/exocon_iss, /0, /eru/0/ogu/3/exocon_ipen0, /0, /eru/0/ogu/3/exocon_ipen1, /0, /eru/0/ogu/3/exocon_ipen2, /0, /eru/0/ogu/3/exocon_ipen3, /0, /scu/0/ccu/config/clkcr_rtcclksel, /0, /usic/0/channel/0/ccr_hpcen, /0, /usic/0/channel/0/dx1cr_dsel, /0, /usic/0/channel/0/dx0cr_dsel, /0, /usic/0/channel/0/dx5cr_dsel, /0, /usic/0/channel/0/dx3cr_dsel, /0, /usic/0/channel/0/dx4cr_dsel, /0, /usic/0/channel/0/dx2cr_dsel, /0, /usic/0/channel/0/rbctr_arbien, /0, /usic/0/channel/0/rbctr_arbinp, /0, /usic/0/channel/0/ccr_aien, /0, /usic/0/channel/0/inpr_ainp, /0, /usic/0/channel/0/ccr_brgien, /0, /usic/0/channel/0/inpr_pinp, /0, /usic/0/channel/0/ccr_dlien, /0, /usic/0/channel/0/rbctr_rberien, /0, /usic/0/channel/0/ccr_rsien, /0, /usic/0/channel/0/inpr_tbinp, /0, /usic/0/channel/0/rbctr_srbien, /0, /usic/0/channel/0/rbctr_srbinp, /0, /usic/0/channel/0/ccr_rien, /0, /usic/0/channel/0/inpr_rinp, /0, /usic/0/channel/0/tbctr_stbien, /0, /usic/0/channel/0/tbctr_stbinp, /0, /usic/0/channel/0/tbctr_tberien, /0, /usic/0/channel/0/tbctr_atbinp, /0, /usic/0/channel/0/ccr_tbien, /0, /usic/0/channel/0/ccr_tsien, /0, /usic/0/channel/0/inpr_tsinp, /0, /usic/0/channel/0/rbctr_dptr, /0, /usic/0/channel/0/rbctr_size, /0, /usic/0/channel/0/tbctr_dptr, /0, /usic/0/channel/0/tbctr_size, /0, /usic/0/channel/1/ccr_hpcen, /0, /usic/0/channel/1/dx1cr_dsel, /0, /usic/0/channel/1/dx0cr_dsel, /0, /usic/0/channel/1/dx5cr_dsel, /0, /usic/0/channel/1/dx3cr_dsel, /0, /usic/0/channel/1/dx4cr_dsel, /0, /usic/0/channel/1/dx2cr_dsel, /0, /usic/0/channel/1/rbctr_arbien, /0, /usic/0/channel/1/rbctr_arbinp, /0, /usic/0/channel/1/ccr_aien, /0, /usic/0/channel/1/inpr_ainp, /0, /usic/0/channel/1/ccr_brgien, /0, /usic/0/channel/1/inpr_pinp, /0, /usic/0/channel/1/ccr_dlien, /0, /usic/0/channel/1/rbctr_rberien, /0, /usic/0/channel/1/ccr_rsien, /0, /usic/0/channel/1/inpr_tbinp, /0, /usic/0/channel/1/rbctr_srbien, /0, /usic/0/channel/1/rbctr_srbinp, /0, /usic/0/channel/1/ccr_rien, /0, /usic/0/channel/1/inpr_rinp, /0, /usic/0/channel/1/tbctr_stbien, /0, /usic/0/channel/1/tbctr_stbinp, /0, /usic/0/channel/1/tbctr_tberien, /0, /usic/0/channel/1/tbctr_atbinp, /0, /usic/0/channel/1/ccr_tbien, /0, /usic/0/channel/1/ccr_tsien, /0, /usic/0/channel/1/inpr_tsinp, /0, /usic/0/channel/1/rbctr_dptr, /0, /usic/0/channel/1/rbctr_size, /0, /usic/0/channel/1/tbctr_dptr, /0, /usic/0/channel/1/tbctr_size, /0, /vadc/0/backgnd/brsctrl_xtsel, /0, /vadc/0/backgnd/brsctrl_xtwc, /0, /vadc/0/backgnd/brsctrl_gtsel, /0, /vadc/0/backgnd/brsctrl_gtwc, /0, /vadc/0/backgnd/globevnp_sev0np, /0, /vadc/0/global/emuxsel_emuxgrp0, /0, /vadc/0/global/emuxsel_emuxgrp1, /0, /vadc/0/global_result/globevnp_revnp, /0]


Nov 13, 2019 6:55:09 PM java.util.logging.LogManager$RootLogger log
INFO: Start of solver :getFeasiblePins() : Wed Nov 13 18:55:09 PST 2019


Nov 13, 2019 6:55:09 PM java.util.logging.LogManager$RootLogger log
INFO: 
timeout(ask_feasible_mapping([reserved([p,DIGITAL_IO0sv0,pad,_],'digital_io$01310748862$0'),
reserved([devicepackage,0,_],'digital_io$1882167628$0'),
signal('digital_io$01310748862$0',pad,'digital_io$01310748862$0$pad'),
signal('digital_io$1882167628$0',pin,'digital_io$1882167628$0$pin'),
connected('digital_io$1882167628$0$pin','digital_io$01310748862$0$pad',1),
connected('digital_io$01310748862$0$pad','digital_io$1882167628$0$pin',1),
uri_element_range(DIGITAL_IO0sv0,[0, 1, 2, 3, 4])],'digital_io$1882167628$0',Result),15,writeln(timeout),all_solution, Timer, Due, Remainder).



Nov 13, 2019 6:55:09 PM java.util.logging.LogManager$RootLogger log
INFO: 
End of solver : getFeasiblePins() :  Difference in ms 16


Nov 13, 2019 6:55:09 PM java.util.logging.LogManager$RootLogger log
INFO: [/devicepackage/0/8, /devicepackage/0/19, /devicepackage/0/13, /devicepackage/0/14, /devicepackage/0/11, /devicepackage/0/12, /devicepackage/0/22, /devicepackage/0/17, /devicepackage/0/18, /devicepackage/0/23, /devicepackage/0/15, /devicepackage/0/24, /devicepackage/0/16, /devicepackage/0/5, /devicepackage/0/4, /devicepackage/0/20, /devicepackage/0/7, /devicepackage/0/21, /devicepackage/0/6, /devicepackage/0/1, /devicepackage/0/3, /devicepackage/0/2]


Nov 13, 2019 6:55:09 PM java.util.logging.LogManager$RootLogger log
INFO: Start of solver :getFeasiblePins() : Wed Nov 13 18:55:09 PST 2019


Nov 13, 2019 6:55:09 PM java.util.logging.LogManager$RootLogger log
INFO: 
timeout(ask_feasible_mapping([reserved([p,DIGITAL_IO0sv0,pad,_],'digital_io$01310748862$0'),
reserved([devicepackage,0,_],'digital_io$1882167628$0'),
signal('digital_io$01310748862$0',pad,'digital_io$01310748862$0$pad'),
signal('digital_io$1882167628$0',pin,'digital_io$1882167628$0$pin'),
connected('digital_io$1882167628$0$pin','digital_io$01310748862$0$pad',1),
connected('digital_io$01310748862$0$pad','digital_io$1882167628$0$pin',1),
uri_element_range(DIGITAL_IO0sv0,[0, 1, 2, 3, 4])],'digital_io$1882167628$0',Result),15,writeln(timeout),all_solution, Timer, Due, Remainder).



Nov 13, 2019 6:55:09 PM java.util.logging.LogManager$RootLogger log
INFO: 
End of solver : getFeasiblePins() :  Difference in ms 16


Nov 13, 2019 6:55:09 PM java.util.logging.LogManager$RootLogger log
INFO: [/devicepackage/0/8, /devicepackage/0/19, /devicepackage/0/13, /devicepackage/0/14, /devicepackage/0/11, /devicepackage/0/12, /devicepackage/0/22, /devicepackage/0/17, /devicepackage/0/18, /devicepackage/0/23, /devicepackage/0/15, /devicepackage/0/24, /devicepackage/0/16, /devicepackage/0/5, /devicepackage/0/4, /devicepackage/0/20, /devicepackage/0/7, /devicepackage/0/21, /devicepackage/0/6, /devicepackage/0/1, /devicepackage/0/3, /devicepackage/0/2]


Nov 13, 2019 6:56:08 PM java.util.logging.LogManager$RootLogger log
INFO: Start of solver :getOutputSignals() : Wed Nov 13 18:56:08 PST 2019


Nov 13, 2019 6:56:08 PM java.util.logging.LogManager$RootLogger log
INFO: 
timeout(reserved_resource_group_output_signals([reserved([p,DIGITAL_IO0sv0,pad,_],'digital_io$01310748862$0'),
reserved([devicepackage,0,_],'digital_io$1882167628$0'),
uri([devicepackage,0,14],'digital_io$1882167628$0'),
signal('digital_io$01310748862$0',pad,'digital_io$01310748862$0$pad'),
signal('digital_io$1882167628$0',pin,'digital_io$1882167628$0$pin'),
connected('digital_io$1882167628$0$pin','digital_io$01310748862$0$pad',1),
connected('digital_io$01310748862$0$pad','digital_io$1882167628$0$pin',1),
uri_element_range(DIGITAL_IO0sv0,[0, 1, 2, 3, 4])], 'digital_io','0', Output_signals),15,writeln(timeout),all_solution, Timer, Due, Remainder).



Nov 13, 2019 6:56:08 PM java.util.logging.LogManager$RootLogger log
INFO: 
End of solver : getOutputSignals() :  Difference in ms 16


Nov 13, 2019 6:57:05 PM java.util.logging.LogManager$RootLogger log
INFO: Start of solver :getSolution() : Wed Nov 13 18:57:05 PST 2019


Nov 13, 2019 6:57:05 PM java.util.logging.LogManager$RootLogger log
INFO: 
timeout(solve_mapping_problem([ 
reserved([p,DIGITAL_IO0sv0,pad,_],'digital_io$01310748862$0'),
reserved([devicepackage,0,_],'digital_io$1882167628$0'),
uri([devicepackage,0,14],'digital_io$1882167628$0'),
signal('digital_io$01310748862$0',swreg_out,'digital_io$01310748862$0$swreg_out'),
signal('digital_io$01310748862$0',pad,'digital_io$01310748862$0$pad'),
signal('digital_io$1882167628$0',pin,'digital_io$1882167628$0$pin'),
connected('digital_io$1882167628$0$pin','digital_io$01310748862$0$pad',1),
connected('digital_io$01310748862$0$pad','digital_io$1882167628$0$pin',1),
uri_element_range(DIGITAL_IO0sv0,[0, 1, 2, 3, 4]),
register_value('digital_io$01310748862$0',iocr_oe,1)
 ],Vars,Regs,Appslocalvars),15,writeln(timeout),all_solution, Timer, Due, Remainder).



Nov 13, 2019 6:57:05 PM java.util.logging.LogManager$RootLogger log
INFO: 
End of solver : getSolution() :  Difference in ms 47


Nov 13, 2019 6:57:05 PM java.util.logging.LogManager$RootLogger log
INFO: [/p/1/pad/0, /digital_io$01310748862$0, /devicepackage/0/14, /digital_io$1882167628$0]


Nov 13, 2019 6:57:05 PM java.util.logging.LogManager$RootLogger log
INFO: [/p/1/pad/0/iocr_pcr, /0, /p/1/pad/0/iocr_oe, /1, /p/1/pad/0/hwsel_hw, /0, /p/1/pad/1/iocr_pcr, /0, /p/1/pad/1/iocr_oe, /0, /p/1/pad/1/hwsel_hw, /0, /p/1/pad/2/iocr_pcr, /0, /p/1/pad/2/iocr_oe, /0, /p/1/pad/2/hwsel_hw, /0, /p/1/pad/3/iocr_pcr, /0, /p/1/pad/3/iocr_oe, /0, /p/1/pad/3/hwsel_hw, /0, /p/2/pad/2/iocr_pcr, /0, /p/2/pad/2/iocr_oe, /0, /p/2/pad/2/hwsel_hw, /0, /p/2/pad/2/pdisc_pdis, /1, /p/2/pad/6/iocr_pcr, /0, /p/2/pad/6/iocr_oe, /0, /p/2/pad/6/hwsel_hw, /0, /p/2/pad/6/pdisc_pdis, /1, /p/2/pad/7/iocr_pcr, /0, /p/2/pad/7/iocr_oe, /0, /p/2/pad/7/hwsel_hw, /0, /p/2/pad/7/pdisc_pdis, /1, /p/2/pad/8/iocr_pcr, /0, /p/2/pad/8/iocr_oe, /0, /p/2/pad/8/hwsel_hw, /0, /p/2/pad/8/pdisc_pdis, /1, /p/2/pad/9/iocr_pcr, /0, /p/2/pad/9/iocr_oe, /0, /p/2/pad/9/hwsel_hw, /0, /p/2/pad/9/pdisc_pdis, /1, /p/0/pad/0/iocr_pcr, /0, /p/0/pad/0/iocr_oe, /0, /p/0/pad/0/hwsel_hw, /0, /p/0/pad/12/iocr_pcr, /0, /p/0/pad/12/iocr_oe, /0, /p/0/pad/12/hwsel_hw, /0, /p/0/pad/13/iocr_pcr, /0, /p/0/pad/13/iocr_oe, /0, /p/0/pad/13/hwsel_hw, /0, /p/0/pad/14/iocr_pcr, /0, /p/0/pad/14/iocr_oe, /0, /p/0/pad/14/hwsel_hw, /0, /p/0/pad/15/iocr_pcr, /0, /p/0/pad/15/iocr_oe, /0, /p/0/pad/15/hwsel_hw, /0, /p/0/pad/5/iocr_pcr, /0, /p/0/pad/5/iocr_oe, /0, /p/0/pad/5/hwsel_hw, /0, /p/0/pad/6/iocr_pcr, /0, /p/0/pad/6/iocr_oe, /0, /p/0/pad/6/hwsel_hw, /0, /p/0/pad/7/iocr_pcr, /0, /p/0/pad/7/iocr_oe, /0, /p/0/pad/7/hwsel_hw, /0, /p/0/pad/8/iocr_pcr, /0, /p/0/pad/8/iocr_oe, /0, /p/0/pad/8/hwsel_hw, /0, /p/0/pad/9/iocr_pcr, /0, /p/0/pad/9/iocr_oe, /0, /p/0/pad/9/hwsel_hw, /0, /p/2/pad/0/iocr_pcr, /0, /p/2/pad/0/iocr_oe, /0, /p/2/pad/0/hwsel_hw, /0, /p/2/pad/0/pdisc_pdis, /1, /p/2/pad/1/iocr_pcr, /0, /p/2/pad/1/iocr_oe, /0, /p/2/pad/1/hwsel_hw, /0, /p/2/pad/1/pdisc_pdis, /1, /p/2/pad/10/iocr_pcr, /0, /p/2/pad/10/iocr_oe, /0, /p/2/pad/10/hwsel_hw, /0, /p/2/pad/10/pdisc_pdis, /1, /p/2/pad/11/iocr_pcr, /0, /p/2/pad/11/iocr_oe, /0, /p/2/pad/11/hwsel_hw, /0, /p/2/pad/11/pdisc_pdis, /1, /ccu4/0/cc4/0/srs_cmsr, /0, /ccu4/0/cc4/0/srs_e0sr, /0, /ccu4/0/cc4/0/srs_e1sr, /0, /ccu4/0/cc4/0/srs_e2sr, /0, /ccu4/0/cc4/0/ins_ev0is, /0, /ccu4/0/cc4/0/ins_ev1is, /0, /ccu4/0/cc4/0/ins_ev2is, /0, /ccu4/0/cc4/0/srs_posr, /0, /ccu4/0/cc4/1/srs_cmsr, /0, /ccu4/0/cc4/1/srs_e0sr, /0, /ccu4/0/cc4/1/srs_e1sr, /0, /ccu4/0/cc4/1/srs_e2sr, /0, /ccu4/0/cc4/1/ins_ev0is, /0, /ccu4/0/cc4/1/ins_ev1is, /0, /ccu4/0/cc4/1/ins_ev2is, /0, /ccu4/0/cc4/1/srs_posr, /0, /ccu4/0/cc4/1/cmc_tce, /0, /ccu4/0/cc4/2/srs_cmsr, /0, /ccu4/0/cc4/2/srs_e0sr, /0, /ccu4/0/cc4/2/srs_e1sr, /0, /ccu4/0/cc4/2/srs_e2sr, /0, /ccu4/0/cc4/2/ins_ev0is, /0, /ccu4/0/cc4/2/ins_ev1is, /0, /ccu4/0/cc4/2/ins_ev2is, /0, /ccu4/0/cc4/2/srs_posr, /0, /ccu4/0/cc4/2/cmc_tce, /0, /ccu4/0/cc4/3/srs_cmsr, /0, /ccu4/0/cc4/3/srs_e0sr, /0, /ccu4/0/cc4/3/srs_e1sr, /0, /ccu4/0/cc4/3/srs_e2sr, /0, /ccu4/0/cc4/3/ins_ev0is, /0, /ccu4/0/cc4/3/ins_ev1is, /0, /ccu4/0/cc4/3/ins_ev2is, /0, /ccu4/0/cc4/3/srs_posr, /0, /ccu4/0/cc4/3/cmc_tce, /0, /ccu4/0/global/gctrl_pcis, /0, /cpu/0/nvic/interrupt/0/iser_setena, /0, /cpu/0/nvic/interrupt/1/iser_setena, /0, /cpu/0/nvic/interrupt/10/iser_setena, /0, /cpu/0/nvic/interrupt/11/iser_setena, /0, /cpu/0/nvic/interrupt/12/iser_setena, /0, /cpu/0/nvic/interrupt/13/iser_setena, /0, /cpu/0/nvic/interrupt/14/iser_setena, /0, /cpu/0/nvic/interrupt/15/iser_setena, /0, /cpu/0/nvic/interrupt/16/iser_setena, /0, /cpu/0/nvic/interrupt/17/iser_setena, /0, /cpu/0/nvic/interrupt/18/iser_setena, /0, /cpu/0/nvic/interrupt/19/iser_setena, /0, /cpu/0/nvic/interrupt/2/iser_setena, /0, /cpu/0/nvic/interrupt/20/iser_setena, /0, /cpu/0/nvic/interrupt/21/iser_setena, /0, /cpu/0/nvic/interrupt/22/iser_setena, /0, /cpu/0/nvic/interrupt/23/iser_setena, /0, /cpu/0/nvic/interrupt/24/iser_setena, /0, /cpu/0/nvic/interrupt/25/iser_setena, /0, /cpu/0/nvic/interrupt/26/iser_setena, /0, /cpu/0/nvic/interrupt/27/iser_setena, /0, /cpu/0/nvic/interrupt/28/iser_setena, /0, /cpu/0/nvic/interrupt/29/iser_setena, /0, /cpu/0/nvic/interrupt/3/iser_setena, /0, /cpu/0/nvic/interrupt/30/iser_setena, /0, /cpu/0/nvic/interrupt/31/iser_setena, /0, /cpu/0/nvic/interrupt/4/iser_setena, /0, /cpu/0/nvic/interrupt/5/iser_setena, /0, /cpu/0/nvic/interrupt/6/iser_setena, /0, /cpu/0/nvic/interrupt/7/iser_setena, /0, /cpu/0/nvic/interrupt/9/iser_setena, /0, /eru/0/ers_etl/0/exicon_pe, /0, /eru/0/ers_etl/0/exicon_ocs, /0, /eru/0/ers_etl/0/exisel_exsxb, /0, /eru/0/ers_etl/0/exisel_exsxa, /0, /eru/0/ers_etl/1/exicon_pe, /0, /eru/0/ers_etl/1/exicon_ocs, /0, /eru/0/ers_etl/1/exisel_exsxb, /0, /eru/0/ers_etl/1/exisel_exsxa, /0, /eru/0/ers_etl/2/exicon_pe, /0, /eru/0/ers_etl/2/exicon_ocs, /0, /eru/0/ers_etl/2/exisel_exsxb, /0, /eru/0/ers_etl/2/exisel_exsxa, /0, /eru/0/ers_etl/3/exicon_pe, /0, /eru/0/ers_etl/3/exicon_ocs, /0, /eru/0/ers_etl/3/exisel_exsxb, /0, /eru/0/ers_etl/3/exisel_exsxa, /0, /eru/0/ogu/0/exocon_iss, /0, /eru/0/ogu/0/exocon_ipen0, /0, /eru/0/ogu/0/exocon_ipen1, /0, /eru/0/ogu/0/exocon_ipen2, /0, /eru/0/ogu/0/exocon_ipen3, /0, /eru/0/ogu/1/exocon_iss, /0, /eru/0/ogu/1/exocon_ipen0, /0, /eru/0/ogu/1/exocon_ipen1, /0, /eru/0/ogu/1/exocon_ipen2, /0, /eru/0/ogu/1/exocon_ipen3, /0, /eru/0/ogu/2/exocon_iss, /0, /eru/0/ogu/2/exocon_ipen0, /0, /eru/0/ogu/2/exocon_ipen1, /0, /eru/0/ogu/2/exocon_ipen2, /0, /eru/0/ogu/2/exocon_ipen3, /0, /eru/0/ogu/3/exocon_iss, /0, /eru/0/ogu/3/exocon_ipen0, /0, /eru/0/ogu/3/exocon_ipen1, /0, /eru/0/ogu/3/exocon_ipen2, /0, /eru/0/ogu/3/exocon_ipen3, /0, /scu/0/ccu/config/clkcr_rtcclksel, /0, /usic/0/channel/0/ccr_hpcen, /0, /usic/0/channel/0/dx1cr_dsel, /0, /usic/0/channel/0/dx0cr_dsel, /0, /usic/0/channel/0/dx5cr_dsel, /0, /usic/0/channel/0/dx3cr_dsel, /0, /usic/0/channel/0/dx4cr_dsel, /0, /usic/0/channel/0/dx2cr_dsel, /0, /usic/0/channel/0/rbctr_arbien, /0, /usic/0/channel/0/rbctr_arbinp, /0, /usic/0/channel/0/ccr_aien, /0, /usic/0/channel/0/inpr_ainp, /0, /usic/0/channel/0/ccr_brgien, /0, /usic/0/channel/0/inpr_pinp, /0, /usic/0/channel/0/ccr_dlien, /0, /usic/0/channel/0/rbctr_rberien, /0, /usic/0/channel/0/ccr_rsien, /0, /usic/0/channel/0/inpr_tbinp, /0, /usic/0/channel/0/rbctr_srbien, /0, /usic/0/channel/0/rbctr_srbinp, /0, /usic/0/channel/0/ccr_rien, /0, /usic/0/channel/0/inpr_rinp, /0, /usic/0/channel/0/tbctr_stbien, /0, /usic/0/channel/0/tbctr_stbinp, /0, /usic/0/channel/0/tbctr_tberien, /0, /usic/0/channel/0/tbctr_atbinp, /0, /usic/0/channel/0/ccr_tbien, /0, /usic/0/channel/0/ccr_tsien, /0, /usic/0/channel/0/inpr_tsinp, /0, /usic/0/channel/0/rbctr_dptr, /0, /usic/0/channel/0/rbctr_size, /0, /usic/0/channel/0/tbctr_dptr, /0, /usic/0/channel/0/tbctr_size, /0, /usic/0/channel/1/ccr_hpcen, /0, /usic/0/channel/1/dx1cr_dsel, /0, /usic/0/channel/1/dx0cr_dsel, /0, /usic/0/channel/1/dx5cr_dsel, /0, /usic/0/channel/1/dx3cr_dsel, /0, /usic/0/channel/1/dx4cr_dsel, /0, /usic/0/channel/1/dx2cr_dsel, /0, /usic/0/channel/1/rbctr_arbien, /0, /usic/0/channel/1/rbctr_arbinp, /0, /usic/0/channel/1/ccr_aien, /0, /usic/0/channel/1/inpr_ainp, /0, /usic/0/channel/1/ccr_brgien, /0, /usic/0/channel/1/inpr_pinp, /0, /usic/0/channel/1/ccr_dlien, /0, /usic/0/channel/1/rbctr_rberien, /0, /usic/0/channel/1/ccr_rsien, /0, /usic/0/channel/1/inpr_tbinp, /0, /usic/0/channel/1/rbctr_srbien, /0, /usic/0/channel/1/rbctr_srbinp, /0, /usic/0/channel/1/ccr_rien, /0, /usic/0/channel/1/inpr_rinp, /0, /usic/0/channel/1/tbctr_stbien, /0, /usic/0/channel/1/tbctr_stbinp, /0, /usic/0/channel/1/tbctr_tberien, /0, /usic/0/channel/1/tbctr_atbinp, /0, /usic/0/channel/1/ccr_tbien, /0, /usic/0/channel/1/ccr_tsien, /0, /usic/0/channel/1/inpr_tsinp, /0, /usic/0/channel/1/rbctr_dptr, /0, /usic/0/channel/1/rbctr_size, /0, /usic/0/channel/1/tbctr_dptr, /0, /usic/0/channel/1/tbctr_size, /0, /vadc/0/backgnd/brsctrl_xtsel, /0, /vadc/0/backgnd/brsctrl_xtwc, /0, /vadc/0/backgnd/brsctrl_gtsel, /0, /vadc/0/backgnd/brsctrl_gtwc, /0, /vadc/0/backgnd/globevnp_sev0np, /0, /vadc/0/global/emuxsel_emuxgrp0, /0, /vadc/0/global/emuxsel_emuxgrp1, /0, /vadc/0/global_result/globevnp_revnp, /0]


